TpTrace Verbose: 0 : 14236, 1, 2022/07/25, 22:41:15.158, 3824016365209, vstest.console.dll, Version: 16.11.0
TpTrace Information: 0 : 14236, 1, 2022/07/25, 22:41:15.168, 3824016453097, vstest.console.dll, FilePatternParser: The given file C:\Users\Артур\source\repos\FigureSquares\FiguresLibUnitTests\bin\Debug\fine-code-coverage-netcoreapp3.1\FiguresLibUnitTests.dll is a full path.
TpTrace Verbose: 0 : 14236, 1, 2022/07/25, 22:41:15.173, 3824016500048, vstest.console.dll, TestPluginCache.DiscoverTestExtensions: finding test extensions in assemblies ends with: RuntimeProvider.dll TPluginInfo: Microsoft.VisualStudio.TestPlatform.Common.ExtensionFramework.Utilities.TestRuntimePluginInformation TExtension: Microsoft.VisualStudio.TestPlatform.ObjectModel.Host.ITestRuntimeProvider
TpTrace Verbose: 0 : 14236, 1, 2022/07/25, 22:41:15.174, 3824016505547, vstest.console.dll, TestPluginCache.GetExtensionPaths: Filtered extension paths: 
TpTrace Verbose: 0 : 14236, 1, 2022/07/25, 22:41:15.174, 3824016506476, vstest.console.dll, TestPluginCache.GetExtensionPaths: Added default extension paths: C:\Program Files\dotnet\sdk\5.0.409\Extensions\Microsoft.Diagnostics.NETCore.Client.dll
C:\Program Files\dotnet\sdk\5.0.409\Extensions\Microsoft.TestPlatform.Extensions.BlameDataCollector.dll
C:\Program Files\dotnet\sdk\5.0.409\Extensions\Microsoft.TestPlatform.Extensions.EventLogCollector.dll
C:\Program Files\dotnet\sdk\5.0.409\Extensions\Microsoft.TestPlatform.TestHostRuntimeProvider.dll
C:\Program Files\dotnet\sdk\5.0.409\Extensions\Microsoft.VisualStudio.TestPlatform.Extensions.Html.TestLogger.dll
C:\Program Files\dotnet\sdk\5.0.409\Extensions\Microsoft.VisualStudio.TestPlatform.Extensions.Trx.TestLogger.dll
TpTrace Verbose: 0 : 14236, 1, 2022/07/25, 22:41:15.174, 3824016506906, vstest.console.dll, TestPluginCache.GetExtensionPaths: Added unfilterableExtensionPaths: 
TpTrace Information: 0 : 14236, 1, 2022/07/25, 22:41:15.174, 3824016514593, vstest.console.dll, AssemblyResolver.ctor: Creating AssemblyResolver with searchDirectories C:\Program Files\dotnet\sdk\5.0.409\Extensions,C:\Program Files\dotnet\sdk\5.0.409
TpTrace Verbose: 0 : 14236, 1, 2022/07/25, 22:41:15.176, 3824016527183, vstest.console.dll, TestPluginCache.DiscoverTestExtensions: Discovering the extensions using extension path.
TpTrace Verbose: 0 : 14236, 1, 2022/07/25, 22:41:15.176, 3824016528370, vstest.console.dll, TestPluginCache.GetExtensionPaths: Filtered extension paths: 
TpTrace Verbose: 0 : 14236, 1, 2022/07/25, 22:41:15.176, 3824016528825, vstest.console.dll, TestPluginCache.GetExtensionPaths: Added default extension paths: C:\Program Files\dotnet\sdk\5.0.409\Extensions\Microsoft.Diagnostics.NETCore.Client.dll
C:\Program Files\dotnet\sdk\5.0.409\Extensions\Microsoft.TestPlatform.Extensions.BlameDataCollector.dll
C:\Program Files\dotnet\sdk\5.0.409\Extensions\Microsoft.TestPlatform.Extensions.EventLogCollector.dll
C:\Program Files\dotnet\sdk\5.0.409\Extensions\Microsoft.TestPlatform.TestHostRuntimeProvider.dll
C:\Program Files\dotnet\sdk\5.0.409\Extensions\Microsoft.VisualStudio.TestPlatform.Extensions.Html.TestLogger.dll
C:\Program Files\dotnet\sdk\5.0.409\Extensions\Microsoft.VisualStudio.TestPlatform.Extensions.Trx.TestLogger.dll
TpTrace Verbose: 0 : 14236, 1, 2022/07/25, 22:41:15.176, 3824016529275, vstest.console.dll, TestPluginCache.GetExtensionPaths: Added unfilterableExtensionPaths: 
TpTrace Verbose: 0 : 14236, 1, 2022/07/25, 22:41:15.176, 3824016529945, vstest.console.dll, TestPluginCache.DiscoverTestExtensions: Discovering the extensions using allExtensionPaths: C:\Program Files\dotnet\sdk\5.0.409\Extensions\Microsoft.Diagnostics.NETCore.Client.dll
C:\Program Files\dotnet\sdk\5.0.409\Extensions\Microsoft.TestPlatform.Extensions.BlameDataCollector.dll
C:\Program Files\dotnet\sdk\5.0.409\Extensions\Microsoft.TestPlatform.Extensions.EventLogCollector.dll
C:\Program Files\dotnet\sdk\5.0.409\Extensions\Microsoft.TestPlatform.TestHostRuntimeProvider.dll
C:\Program Files\dotnet\sdk\5.0.409\Extensions\Microsoft.VisualStudio.TestPlatform.Extensions.Html.TestLogger.dll
C:\Program Files\dotnet\sdk\5.0.409\Extensions\Microsoft.VisualStudio.TestPlatform.Extensions.Trx.TestLogger.dll
TpTrace Information: 0 : 14236, 1, 2022/07/25, 22:41:15.176, 3824016531710, vstest.console.dll, AssemblyResolver.AddSearchDirectories: Adding more searchDirectories C:\Program Files\dotnet\sdk\5.0.409\Extensions,C:\Program Files\dotnet\sdk\5.0.409
TpTrace Information: 0 : 14236, 1, 2022/07/25, 22:41:15.176, 3824016532274, vstest.console.dll, AssemblyResolver.AddSearchDirectories: Adding more searchDirectories C:\Program Files\dotnet\sdk\5.0.409\Extensions,C:\Program Files\dotnet\sdk\5.0.409
TpTrace Information: 0 : 14236, 1, 2022/07/25, 22:41:15.176, 3824016532629, vstest.console.dll, AssemblyResolver.AddSearchDirectories: Adding more searchDirectories C:\Program Files\dotnet\sdk\5.0.409\Extensions,C:\Program Files\dotnet\sdk\5.0.409
TpTrace Information: 0 : 14236, 1, 2022/07/25, 22:41:15.176, 3824016532990, vstest.console.dll, AssemblyResolver.AddSearchDirectories: Adding more searchDirectories C:\Program Files\dotnet\sdk\5.0.409\Extensions,C:\Program Files\dotnet\sdk\5.0.409
TpTrace Information: 0 : 14236, 1, 2022/07/25, 22:41:15.176, 3824016533318, vstest.console.dll, AssemblyResolver.AddSearchDirectories: Adding more searchDirectories C:\Program Files\dotnet\sdk\5.0.409\Extensions,C:\Program Files\dotnet\sdk\5.0.409
TpTrace Information: 0 : 14236, 1, 2022/07/25, 22:41:15.176, 3824016533649, vstest.console.dll, AssemblyResolver.AddSearchDirectories: Adding more searchDirectories C:\Program Files\dotnet\sdk\5.0.409\Extensions,C:\Program Files\dotnet\sdk\5.0.409
TpTrace Information: 0 : 14236, 1, 2022/07/25, 22:41:15.177, 3824016536669, vstest.console.dll, AssemblyResolver.OnResolve: Microsoft.Diagnostics.NETCore.Client: Resolving assembly.
TpTrace Information: 0 : 14236, 1, 2022/07/25, 22:41:15.177, 3824016537275, vstest.console.dll, AssemblyResolver.OnResolve: Microsoft.Diagnostics.NETCore.Client: Searching in: 'C:\Program Files\dotnet\sdk\5.0.409\Extensions'.
TpTrace Information: 0 : 14236, 1, 2022/07/25, 22:41:15.177, 3824016543741, vstest.console.dll, AssemblyResolver.OnResolve: Microsoft.Diagnostics.NETCore.Client: Loading assembly 'C:\Program Files\dotnet\sdk\5.0.409\Extensions\Microsoft.Diagnostics.NETCore.Client.dll'.
TpTrace Information: 0 : 14236, 1, 2022/07/25, 22:41:15.178, 3824016549791, vstest.console.dll, AssemblyResolver.OnResolve: Resolved assembly: Microsoft.Diagnostics.NETCore.Client, from path: C:\Program Files\dotnet\sdk\5.0.409\Extensions\Microsoft.Diagnostics.NETCore.Client.dll
TpTrace Information: 0 : 14236, 1, 2022/07/25, 22:41:15.184, 3824016611680, vstest.console.dll, AssemblyResolver.OnResolve: Microsoft.Bcl.AsyncInterfaces: Resolving assembly.
TpTrace Information: 0 : 14236, 1, 2022/07/25, 22:41:15.184, 3824016612636, vstest.console.dll, AssemblyResolver.OnResolve: Microsoft.Bcl.AsyncInterfaces: Searching in: 'C:\Program Files\dotnet\sdk\5.0.409\Extensions'.
TpTrace Information: 0 : 14236, 1, 2022/07/25, 22:41:15.184, 3824016613803, vstest.console.dll, AssemblyResolver.OnResolve: Microsoft.Bcl.AsyncInterfaces: Assembly path does not exist: 'C:\Program Files\dotnet\sdk\5.0.409\Extensions\Microsoft.Bcl.AsyncInterfaces.dll', returning.
TpTrace Information: 0 : 14236, 1, 2022/07/25, 22:41:15.184, 3824016614780, vstest.console.dll, AssemblyResolver.OnResolve: Microsoft.Bcl.AsyncInterfaces: Assembly path does not exist: 'C:\Program Files\dotnet\sdk\5.0.409\Extensions\Microsoft.Bcl.AsyncInterfaces.exe', returning.
TpTrace Information: 0 : 14236, 1, 2022/07/25, 22:41:15.185, 3824016615185, vstest.console.dll, AssemblyResolver.OnResolve: Microsoft.Bcl.AsyncInterfaces: Searching in: 'C:\Program Files\dotnet\sdk\5.0.409'.
TpTrace Information: 0 : 14236, 1, 2022/07/25, 22:41:15.185, 3824016616057, vstest.console.dll, AssemblyResolver.OnResolve: Microsoft.Bcl.AsyncInterfaces: Assembly path does not exist: 'C:\Program Files\dotnet\sdk\5.0.409\Microsoft.Bcl.AsyncInterfaces.dll', returning.
TpTrace Information: 0 : 14236, 1, 2022/07/25, 22:41:15.185, 3824016616936, vstest.console.dll, AssemblyResolver.OnResolve: Microsoft.Bcl.AsyncInterfaces: Assembly path does not exist: 'C:\Program Files\dotnet\sdk\5.0.409\Microsoft.Bcl.AsyncInterfaces.exe', returning.
TpTrace Information: 0 : 14236, 1, 2022/07/25, 22:41:15.185, 3824016617898, vstest.console.dll, AssemblyResolver.OnResolve: Microsoft.Bcl.AsyncInterfaces: Failed to load assembly.
TpTrace Verbose: 0 : 14236, 1, 2022/07/25, 22:41:15.185, 3824016618515, vstest.console.dll, CurrentDomainAssemblyResolve: Resolving assembly 'Microsoft.Bcl.AsyncInterfaces'.
TpTrace Information: 0 : 14236, 1, 2022/07/25, 22:41:15.185, 3824016619118, vstest.console.dll, AssemblyResolver.OnResolve: Microsoft.Bcl.AsyncInterfaces: Resolving assembly.
TpTrace Information: 0 : 14236, 1, 2022/07/25, 22:41:15.185, 3824016619566, vstest.console.dll, AssemblyResolver.OnResolve: Microsoft.Bcl.AsyncInterfaces: Resolved from cache.
TpTrace Verbose: 0 : 14236, 1, 2022/07/25, 22:41:15.185, 3824016619932, vstest.console.dll, CurrentDomainAssemblyResolve: Resolving assembly 'Microsoft.Bcl.AsyncInterfaces'.
TpTrace Verbose: 0 : 14236, 1, 2022/07/25, 22:41:15.185, 3824016620395, vstest.console.dll, CurrentDomainAssemblyResolve: Failed to resolve assembly 'Microsoft.Bcl.AsyncInterfaces'.
TpTrace Verbose: 0 : 14236, 1, 2022/07/25, 22:41:15.185, 3824016624807, vstest.console.dll, CurrentDomainAssemblyResolve: Failed to resolve assembly 'Microsoft.Bcl.AsyncInterfaces'.
TpTrace Warning: 0 : 14236, 1, 2022/07/25, 22:41:15.202, 3824016789655, vstest.console.dll, TestPluginDiscoverer: Failed to get types from assembly 'Microsoft.Diagnostics.NETCore.Client, Version=0.2.2.41902, Culture=neutral, PublicKeyToken=31bf3856ad364e35'.  Skipping test extension scan for this assembly.  Error: System.Reflection.ReflectionTypeLoadException: Unable to load one or more of the requested types.
Could not load file or assembly 'Microsoft.Bcl.AsyncInterfaces, Version=1.0.0.0, Culture=neutral, PublicKeyToken=cc7b13ffcd2ddd51'. Не удается найти указанный файл.
   at System.Reflection.RuntimeModule.GetTypes(RuntimeModule module)
   at System.Reflection.Assembly.GetTypes()
   at Microsoft.VisualStudio.TestPlatform.Common.ExtensionFramework.TestPluginDiscoverer.GetTestExtensionsFromAssembly[TPluginInfo,TExtension](Assembly assembly, Dictionary`2 pluginInfos)
System.IO.FileNotFoundException: Could not load file or assembly 'Microsoft.Bcl.AsyncInterfaces, Version=1.0.0.0, Culture=neutral, PublicKeyToken=cc7b13ffcd2ddd51'. Не удается найти указанный файл.
File name: 'Microsoft.Bcl.AsyncInterfaces, Version=1.0.0.0, Culture=neutral, PublicKeyToken=cc7b13ffcd2ddd51'
 ---> System.IO.FileNotFoundException: Could not load file or assembly 'Microsoft.Bcl.AsyncInterfaces, Culture=neutral, PublicKeyToken=null'. Не удается найти указанный файл.
File name: 'Microsoft.Bcl.AsyncInterfaces, Culture=neutral, PublicKeyToken=null'
   at System.Reflection.RuntimeAssembly.InternalLoad(ObjectHandleOnStack assemblyName, ObjectHandleOnStack requestingAssembly, StackCrawlMarkHandle stackMark, Boolean throwOnFileNotFound, ObjectHandleOnStack assemblyLoadContext, ObjectHandleOnStack retAssembly)
   at System.Reflection.RuntimeAssembly.InternalLoad(AssemblyName assemblyName, RuntimeAssembly requestingAssembly, StackCrawlMark& stackMark, Boolean throwOnFileNotFound, AssemblyLoadContext assemblyLoadContext)
   at System.Reflection.Assembly.Load(AssemblyName assemblyRef)
   at Microsoft.VisualStudio.TestPlatform.Common.ExtensionFramework.TestPluginCache.CurrentDomainAssemblyResolve(Object sender, AssemblyResolveEventArgs args)
   at Microsoft.VisualStudio.TestPlatform.PlatformAbstractions.PlatformAssemblyResolver.AssemblyResolverEvent(Object sender, Object eventArgs)
   at System.Runtime.Loader.AssemblyLoadContext.GetFirstResolvedAssemblyFromResolvingEvent(AssemblyName assemblyName)
   at System.Runtime.Loader.AssemblyLoadContext.ResolveUsingEvent(AssemblyName assemblyName)
   at System.Runtime.Loader.AssemblyLoadContext.ResolveUsingResolvingEvent(IntPtr gchManagedAssemblyLoadContext, AssemblyName assemblyName)
TpTrace Warning: 0 : 14236, 1, 2022/07/25, 22:41:15.202, 3824016791803, vstest.console.dll, LoaderExceptions: System.IO.FileNotFoundException: Could not load file or assembly 'Microsoft.Bcl.AsyncInterfaces, Version=1.0.0.0, Culture=neutral, PublicKeyToken=cc7b13ffcd2ddd51'. Не удается найти указанный файл.
File name: 'Microsoft.Bcl.AsyncInterfaces, Version=1.0.0.0, Culture=neutral, PublicKeyToken=cc7b13ffcd2ddd51'
 ---> System.IO.FileNotFoundException: Could not load file or assembly 'Microsoft.Bcl.AsyncInterfaces, Culture=neutral, PublicKeyToken=null'. Не удается найти указанный файл.
File name: 'Microsoft.Bcl.AsyncInterfaces, Culture=neutral, PublicKeyToken=null'
   at System.Reflection.RuntimeAssembly.InternalLoad(ObjectHandleOnStack assemblyName, ObjectHandleOnStack requestingAssembly, StackCrawlMarkHandle stackMark, Boolean throwOnFileNotFound, ObjectHandleOnStack assemblyLoadContext, ObjectHandleOnStack retAssembly)
   at System.Reflection.RuntimeAssembly.InternalLoad(AssemblyName assemblyName, RuntimeAssembly requestingAssembly, StackCrawlMark& stackMark, Boolean throwOnFileNotFound, AssemblyLoadContext assemblyLoadContext)
   at System.Reflection.Assembly.Load(AssemblyName assemblyRef)
   at Microsoft.VisualStudio.TestPlatform.Common.ExtensionFramework.TestPluginCache.CurrentDomainAssemblyResolve(Object sender, AssemblyResolveEventArgs args)
   at Microsoft.VisualStudio.TestPlatform.PlatformAbstractions.PlatformAssemblyResolver.AssemblyResolverEvent(Object sender, Object eventArgs)
   at System.Runtime.Loader.AssemblyLoadContext.GetFirstResolvedAssemblyFromResolvingEvent(AssemblyName assemblyName)
   at System.Runtime.Loader.AssemblyLoadContext.ResolveUsingEvent(AssemblyName assemblyName)
   at System.Runtime.Loader.AssemblyLoadContext.ResolveUsingResolvingEvent(IntPtr gchManagedAssemblyLoadContext, AssemblyName assemblyName)
TpTrace Information: 0 : 14236, 1, 2022/07/25, 22:41:15.202, 3824016792941, vstest.console.dll, AssemblyResolver.OnResolve: Microsoft.TestPlatform.Extensions.BlameDataCollector: Resolving assembly.
TpTrace Information: 0 : 14236, 1, 2022/07/25, 22:41:15.202, 3824016793404, vstest.console.dll, AssemblyResolver.OnResolve: Microsoft.TestPlatform.Extensions.BlameDataCollector: Searching in: 'C:\Program Files\dotnet\sdk\5.0.409\Extensions'.
TpTrace Information: 0 : 14236, 1, 2022/07/25, 22:41:15.203, 3824016798125, vstest.console.dll, AssemblyResolver.OnResolve: Microsoft.TestPlatform.Extensions.BlameDataCollector: Loading assembly 'C:\Program Files\dotnet\sdk\5.0.409\Extensions\Microsoft.TestPlatform.Extensions.BlameDataCollector.dll'.
TpTrace Information: 0 : 14236, 1, 2022/07/25, 22:41:15.203, 3824016804969, vstest.console.dll, AssemblyResolver.OnResolve: Resolved assembly: Microsoft.TestPlatform.Extensions.BlameDataCollector, from path: C:\Program Files\dotnet\sdk\5.0.409\Extensions\Microsoft.TestPlatform.Extensions.BlameDataCollector.dll
TpTrace Information: 0 : 14236, 1, 2022/07/25, 22:41:15.204, 3824016810995, vstest.console.dll, AssemblyResolver.OnResolve: Microsoft.TestPlatform.Extensions.EventLogCollector: Resolving assembly.
TpTrace Information: 0 : 14236, 1, 2022/07/25, 22:41:15.204, 3824016811548, vstest.console.dll, AssemblyResolver.OnResolve: Microsoft.TestPlatform.Extensions.EventLogCollector: Searching in: 'C:\Program Files\dotnet\sdk\5.0.409\Extensions'.
TpTrace Information: 0 : 14236, 1, 2022/07/25, 22:41:15.205, 3824016817100, vstest.console.dll, AssemblyResolver.OnResolve: Microsoft.TestPlatform.Extensions.EventLogCollector: Loading assembly 'C:\Program Files\dotnet\sdk\5.0.409\Extensions\Microsoft.TestPlatform.Extensions.EventLogCollector.dll'.
TpTrace Information: 0 : 14236, 1, 2022/07/25, 22:41:15.205, 3824016823893, vstest.console.dll, AssemblyResolver.OnResolve: Resolved assembly: Microsoft.TestPlatform.Extensions.EventLogCollector, from path: C:\Program Files\dotnet\sdk\5.0.409\Extensions\Microsoft.TestPlatform.Extensions.EventLogCollector.dll
TpTrace Information: 0 : 14236, 1, 2022/07/25, 22:41:15.208, 3824016845769, vstest.console.dll, AssemblyResolver.OnResolve: Microsoft.TestPlatform.TestHostRuntimeProvider: Resolving assembly.
TpTrace Information: 0 : 14236, 1, 2022/07/25, 22:41:15.208, 3824016846539, vstest.console.dll, AssemblyResolver.OnResolve: Microsoft.TestPlatform.TestHostRuntimeProvider: Searching in: 'C:\Program Files\dotnet\sdk\5.0.409\Extensions'.
TpTrace Information: 0 : 14236, 1, 2022/07/25, 22:41:15.208, 3824016850956, vstest.console.dll, AssemblyResolver.OnResolve: Microsoft.TestPlatform.TestHostRuntimeProvider: Loading assembly 'C:\Program Files\dotnet\sdk\5.0.409\Extensions\Microsoft.TestPlatform.TestHostRuntimeProvider.dll'.
TpTrace Information: 0 : 14236, 1, 2022/07/25, 22:41:15.209, 3824016856492, vstest.console.dll, AssemblyResolver.OnResolve: Resolved assembly: Microsoft.TestPlatform.TestHostRuntimeProvider, from path: C:\Program Files\dotnet\sdk\5.0.409\Extensions\Microsoft.TestPlatform.TestHostRuntimeProvider.dll
TpTrace Information: 0 : 14236, 1, 2022/07/25, 22:41:15.210, 3824016867886, vstest.console.dll, AssemblyResolver.OnResolve: Microsoft.VisualStudio.TestPlatform.Extensions.Html.TestLogger: Resolving assembly.
TpTrace Information: 0 : 14236, 1, 2022/07/25, 22:41:15.210, 3824016868468, vstest.console.dll, AssemblyResolver.OnResolve: Microsoft.VisualStudio.TestPlatform.Extensions.Html.TestLogger: Searching in: 'C:\Program Files\dotnet\sdk\5.0.409\Extensions'.
TpTrace Information: 0 : 14236, 1, 2022/07/25, 22:41:15.210, 3824016873011, vstest.console.dll, AssemblyResolver.OnResolve: Microsoft.VisualStudio.TestPlatform.Extensions.Html.TestLogger: Loading assembly 'C:\Program Files\dotnet\sdk\5.0.409\Extensions\Microsoft.VisualStudio.TestPlatform.Extensions.Html.TestLogger.dll'.
TpTrace Information: 0 : 14236, 1, 2022/07/25, 22:41:15.211, 3824016880226, vstest.console.dll, AssemblyResolver.OnResolve: Resolved assembly: Microsoft.VisualStudio.TestPlatform.Extensions.Html.TestLogger, from path: C:\Program Files\dotnet\sdk\5.0.409\Extensions\Microsoft.VisualStudio.TestPlatform.Extensions.Html.TestLogger.dll
TpTrace Information: 0 : 14236, 1, 2022/07/25, 22:41:15.211, 3824016884288, vstest.console.dll, AssemblyResolver.OnResolve: Microsoft.VisualStudio.TestPlatform.Extensions.Trx.TestLogger: Resolving assembly.
TpTrace Information: 0 : 14236, 1, 2022/07/25, 22:41:15.211, 3824016884864, vstest.console.dll, AssemblyResolver.OnResolve: Microsoft.VisualStudio.TestPlatform.Extensions.Trx.TestLogger: Searching in: 'C:\Program Files\dotnet\sdk\5.0.409\Extensions'.
TpTrace Information: 0 : 14236, 1, 2022/07/25, 22:41:15.212, 3824016889874, vstest.console.dll, AssemblyResolver.OnResolve: Microsoft.VisualStudio.TestPlatform.Extensions.Trx.TestLogger: Loading assembly 'C:\Program Files\dotnet\sdk\5.0.409\Extensions\Microsoft.VisualStudio.TestPlatform.Extensions.Trx.TestLogger.dll'.
TpTrace Information: 0 : 14236, 1, 2022/07/25, 22:41:15.213, 3824016897282, vstest.console.dll, AssemblyResolver.OnResolve: Resolved assembly: Microsoft.VisualStudio.TestPlatform.Extensions.Trx.TestLogger, from path: C:\Program Files\dotnet\sdk\5.0.409\Extensions\Microsoft.VisualStudio.TestPlatform.Extensions.Trx.TestLogger.dll
TpTrace Verbose: 0 : 14236, 1, 2022/07/25, 22:41:15.213, 3824016903313, vstest.console.dll, TestPluginCache: Discovered the extensions using extension path ''.
TpTrace Verbose: 0 : 14236, 1, 2022/07/25, 22:41:15.213, 3824016903906, vstest.console.dll, TestPluginCache: Discoverers are ''.
TpTrace Verbose: 0 : 14236, 1, 2022/07/25, 22:41:15.213, 3824016904295, vstest.console.dll, TestPluginCache: Executors are ''.
TpTrace Verbose: 0 : 14236, 1, 2022/07/25, 22:41:15.213, 3824016904622, vstest.console.dll, TestPluginCache: Executors2 are ''.
TpTrace Verbose: 0 : 14236, 1, 2022/07/25, 22:41:15.213, 3824016904920, vstest.console.dll, TestPluginCache: Setting providers are ''.
TpTrace Verbose: 0 : 14236, 1, 2022/07/25, 22:41:15.214, 3824016905201, vstest.console.dll, TestPluginCache: Loggers are ''.
TpTrace Information: 0 : 14236, 1, 2022/07/25, 22:41:15.218, 3824016951003, vstest.console.dll, RunTestsArgumentProcessor:Execute: Test run is starting.
TpTrace Verbose: 0 : 14236, 1, 2022/07/25, 22:41:15.218, 3824016951941, vstest.console.dll, RunTestsArgumentProcessor:Execute: Queuing Test run.
TpTrace Information: 0 : 14236, 1, 2022/07/25, 22:41:15.218, 3824016953781, vstest.console.dll, TestRequestManager.RunTests: run tests started.
TpTrace Information: 0 : 14236, 1, 2022/07/25, 22:41:15.222, 3824016986621, vstest.console.dll, AssemblyMetadataProvider.GetFrameWork: Determined framework:'.NETCoreApp,Version=v3.1' for source: 'C:\Users\Артур\source\repos\FigureSquares\FiguresLibUnitTests\bin\Debug\fine-code-coverage-netcoreapp3.1\FiguresLibUnitTests.dll'
TpTrace Information: 0 : 14236, 1, 2022/07/25, 22:41:15.222, 3824016988043, vstest.console.dll, Determined framework for all sources: .NETCoreApp,Version=v3.1
TpTrace Information: 0 : 14236, 1, 2022/07/25, 22:41:15.222, 3824016991705, vstest.console.dll, AssemblyMetadataProvider.GetArchitecture: Determined architecture:AnyCPU info for assembly: C:\Users\Артур\source\repos\FigureSquares\FiguresLibUnitTests\bin\Debug\fine-code-coverage-netcoreapp3.1\FiguresLibUnitTests.dll
TpTrace Information: 0 : 14236, 1, 2022/07/25, 22:41:15.224, 3824017007810, vstest.console.dll, Determined platform for all sources: X64
TpTrace Information: 0 : 14236, 1, 2022/07/25, 22:41:15.226, 3824017031746, vstest.console.dll, Compatible sources list : 
TpTrace Information: 0 : 14236, 1, 2022/07/25, 22:41:15.226, 3824017032496, vstest.console.dll, C:\Users\Артур\source\repos\FigureSquares\FiguresLibUnitTests\bin\Debug\fine-code-coverage-netcoreapp3.1\FiguresLibUnitTests.dll
TpTrace Information: 0 : 14236, 1, 2022/07/25, 22:41:15.229, 3824017055619, vstest.console.dll, InferRunSettingsHelper.IsTestSettingsEnabled: Unable to navigate to RunSettings/MSTest. Current node: RunSettings
TpTrace Information: 0 : 14236, 1, 2022/07/25, 22:41:15.229, 3824017062226, vstest.console.dll, AssemblyResolver.OnResolve: Microsoft.VisualStudio.TestPlatform.Fakes: Resolving assembly.
TpTrace Information: 0 : 14236, 1, 2022/07/25, 22:41:15.229, 3824017062858, vstest.console.dll, AssemblyResolver.OnResolve: Microsoft.VisualStudio.TestPlatform.Fakes: Searching in: 'C:\Program Files\dotnet\sdk\5.0.409\Extensions'.
TpTrace Information: 0 : 14236, 1, 2022/07/25, 22:41:15.229, 3824017064367, vstest.console.dll, AssemblyResolver.OnResolve: Microsoft.VisualStudio.TestPlatform.Fakes: Assembly path does not exist: 'C:\Program Files\dotnet\sdk\5.0.409\Extensions\Microsoft.VisualStudio.TestPlatform.Fakes.dll', returning.
TpTrace Information: 0 : 14236, 1, 2022/07/25, 22:41:15.230, 3824017065270, vstest.console.dll, AssemblyResolver.OnResolve: Microsoft.VisualStudio.TestPlatform.Fakes: Assembly path does not exist: 'C:\Program Files\dotnet\sdk\5.0.409\Extensions\Microsoft.VisualStudio.TestPlatform.Fakes.exe', returning.
TpTrace Information: 0 : 14236, 1, 2022/07/25, 22:41:15.230, 3824017065705, vstest.console.dll, AssemblyResolver.OnResolve: Microsoft.VisualStudio.TestPlatform.Fakes: Searching in: 'C:\Program Files\dotnet\sdk\5.0.409'.
TpTrace Information: 0 : 14236, 1, 2022/07/25, 22:41:15.230, 3824017066679, vstest.console.dll, AssemblyResolver.OnResolve: Microsoft.VisualStudio.TestPlatform.Fakes: Assembly path does not exist: 'C:\Program Files\dotnet\sdk\5.0.409\Microsoft.VisualStudio.TestPlatform.Fakes.dll', returning.
TpTrace Information: 0 : 14236, 1, 2022/07/25, 22:41:15.230, 3824017067596, vstest.console.dll, AssemblyResolver.OnResolve: Microsoft.VisualStudio.TestPlatform.Fakes: Assembly path does not exist: 'C:\Program Files\dotnet\sdk\5.0.409\Microsoft.VisualStudio.TestPlatform.Fakes.exe', returning.
TpTrace Information: 0 : 14236, 1, 2022/07/25, 22:41:15.230, 3824017067992, vstest.console.dll, AssemblyResolver.OnResolve: Microsoft.VisualStudio.TestPlatform.Fakes: Failed to load assembly.
TpTrace Information: 0 : 14236, 1, 2022/07/25, 22:41:15.230, 3824017070672, vstest.console.dll, Failed to create newly implemented Fakes Configurator. Reason:System.IO.FileNotFoundException: Could not load file or assembly 'Microsoft.VisualStudio.TestPlatform.Fakes, Version=16.0.0.0, Culture=neutral, PublicKeyToken=null'. Не удается найти указанный файл.
File name: 'Microsoft.VisualStudio.TestPlatform.Fakes, Version=16.0.0.0, Culture=neutral, PublicKeyToken=null'
   at System.Reflection.RuntimeAssembly.InternalLoad(ObjectHandleOnStack assemblyName, ObjectHandleOnStack requestingAssembly, StackCrawlMarkHandle stackMark, Boolean throwOnFileNotFound, ObjectHandleOnStack assemblyLoadContext, ObjectHandleOnStack retAssembly)
   at System.Reflection.RuntimeAssembly.InternalLoad(AssemblyName assemblyName, RuntimeAssembly requestingAssembly, StackCrawlMark& stackMark, Boolean throwOnFileNotFound, AssemblyLoadContext assemblyLoadContext)
   at System.Reflection.Assembly.Load(AssemblyName assemblyRef)
   at Microsoft.VisualStudio.TestPlatform.Common.Utilities.FakesUtilities.TryGetFakesCrossPlatformDataCollectorConfigurator() 
TpTrace Verbose: 0 : 14236, 1, 2022/07/25, 22:41:15.234, 3824017105909, vstest.console.dll, TestPluginCache.DiscoverTestExtensions: finding test extensions in assemblies ends with: TestLogger.dll TPluginInfo: Microsoft.VisualStudio.TestPlatform.Common.ExtensionFramework.Utilities.TestLoggerPluginInformation TExtension: Microsoft.VisualStudio.TestPlatform.ObjectModel.Client.ITestLogger
TpTrace Verbose: 0 : 14236, 1, 2022/07/25, 22:41:15.234, 3824017106745, vstest.console.dll, TestPluginCache.GetExtensionPaths: Filtered extension paths: 
TpTrace Verbose: 0 : 14236, 1, 2022/07/25, 22:41:15.234, 3824017107138, vstest.console.dll, TestPluginCache.GetExtensionPaths: Added default extension paths: C:\Program Files\dotnet\sdk\5.0.409\Extensions\Microsoft.Diagnostics.NETCore.Client.dll
C:\Program Files\dotnet\sdk\5.0.409\Extensions\Microsoft.TestPlatform.Extensions.BlameDataCollector.dll
C:\Program Files\dotnet\sdk\5.0.409\Extensions\Microsoft.TestPlatform.Extensions.EventLogCollector.dll
C:\Program Files\dotnet\sdk\5.0.409\Extensions\Microsoft.TestPlatform.TestHostRuntimeProvider.dll
C:\Program Files\dotnet\sdk\5.0.409\Extensions\Microsoft.VisualStudio.TestPlatform.Extensions.Html.TestLogger.dll
C:\Program Files\dotnet\sdk\5.0.409\Extensions\Microsoft.VisualStudio.TestPlatform.Extensions.Trx.TestLogger.dll
TpTrace Verbose: 0 : 14236, 1, 2022/07/25, 22:41:15.234, 3824017107526, vstest.console.dll, TestPluginCache.GetExtensionPaths: Added unfilterableExtensionPaths: 
TpTrace Information: 0 : 14236, 1, 2022/07/25, 22:41:15.234, 3824017109014, vstest.console.dll, AssemblyResolver.AddSearchDirectories: Adding more searchDirectories C:\Program Files\dotnet\sdk\5.0.409\Extensions,C:\Program Files\dotnet\sdk\5.0.409
TpTrace Verbose: 0 : 14236, 1, 2022/07/25, 22:41:15.234, 3824017109576, vstest.console.dll, TestPluginCache.DiscoverTestExtensions: Discovering the extensions using extension path.
TpTrace Verbose: 0 : 14236, 1, 2022/07/25, 22:41:15.234, 3824017110016, vstest.console.dll, TestPluginCache.GetExtensionPaths: Filtered extension paths: 
TpTrace Verbose: 0 : 14236, 1, 2022/07/25, 22:41:15.234, 3824017110454, vstest.console.dll, TestPluginCache.GetExtensionPaths: Added default extension paths: C:\Program Files\dotnet\sdk\5.0.409\Extensions\Microsoft.Diagnostics.NETCore.Client.dll
C:\Program Files\dotnet\sdk\5.0.409\Extensions\Microsoft.TestPlatform.Extensions.BlameDataCollector.dll
C:\Program Files\dotnet\sdk\5.0.409\Extensions\Microsoft.TestPlatform.Extensions.EventLogCollector.dll
C:\Program Files\dotnet\sdk\5.0.409\Extensions\Microsoft.TestPlatform.TestHostRuntimeProvider.dll
C:\Program Files\dotnet\sdk\5.0.409\Extensions\Microsoft.VisualStudio.TestPlatform.Extensions.Html.TestLogger.dll
C:\Program Files\dotnet\sdk\5.0.409\Extensions\Microsoft.VisualStudio.TestPlatform.Extensions.Trx.TestLogger.dll
TpTrace Verbose: 0 : 14236, 1, 2022/07/25, 22:41:15.234, 3824017110839, vstest.console.dll, TestPluginCache.GetExtensionPaths: Added unfilterableExtensionPaths: 
TpTrace Verbose: 0 : 14236, 1, 2022/07/25, 22:41:15.234, 3824017111292, vstest.console.dll, TestPluginCache.DiscoverTestExtensions: Discovering the extensions using allExtensionPaths: C:\Program Files\dotnet\sdk\5.0.409\Extensions\Microsoft.Diagnostics.NETCore.Client.dll
C:\Program Files\dotnet\sdk\5.0.409\Extensions\Microsoft.TestPlatform.Extensions.BlameDataCollector.dll
C:\Program Files\dotnet\sdk\5.0.409\Extensions\Microsoft.TestPlatform.Extensions.EventLogCollector.dll
C:\Program Files\dotnet\sdk\5.0.409\Extensions\Microsoft.TestPlatform.TestHostRuntimeProvider.dll
C:\Program Files\dotnet\sdk\5.0.409\Extensions\Microsoft.VisualStudio.TestPlatform.Extensions.Html.TestLogger.dll
C:\Program Files\dotnet\sdk\5.0.409\Extensions\Microsoft.VisualStudio.TestPlatform.Extensions.Trx.TestLogger.dll
TpTrace Information: 0 : 14236, 1, 2022/07/25, 22:41:15.234, 3824017111860, vstest.console.dll, AssemblyResolver.AddSearchDirectories: Adding more searchDirectories C:\Program Files\dotnet\sdk\5.0.409\Extensions,C:\Program Files\dotnet\sdk\5.0.409
TpTrace Information: 0 : 14236, 1, 2022/07/25, 22:41:15.234, 3824017112349, vstest.console.dll, AssemblyResolver.AddSearchDirectories: Adding more searchDirectories C:\Program Files\dotnet\sdk\5.0.409\Extensions,C:\Program Files\dotnet\sdk\5.0.409
TpTrace Information: 0 : 14236, 1, 2022/07/25, 22:41:15.234, 3824017112762, vstest.console.dll, AssemblyResolver.AddSearchDirectories: Adding more searchDirectories C:\Program Files\dotnet\sdk\5.0.409\Extensions,C:\Program Files\dotnet\sdk\5.0.409
TpTrace Information: 0 : 14236, 1, 2022/07/25, 22:41:15.234, 3824017113143, vstest.console.dll, AssemblyResolver.AddSearchDirectories: Adding more searchDirectories C:\Program Files\dotnet\sdk\5.0.409\Extensions,C:\Program Files\dotnet\sdk\5.0.409
TpTrace Information: 0 : 14236, 1, 2022/07/25, 22:41:15.234, 3824017113534, vstest.console.dll, AssemblyResolver.AddSearchDirectories: Adding more searchDirectories C:\Program Files\dotnet\sdk\5.0.409\Extensions,C:\Program Files\dotnet\sdk\5.0.409
TpTrace Information: 0 : 14236, 1, 2022/07/25, 22:41:15.234, 3824017113865, vstest.console.dll, AssemblyResolver.AddSearchDirectories: Adding more searchDirectories C:\Program Files\dotnet\sdk\5.0.409\Extensions,C:\Program Files\dotnet\sdk\5.0.409
TpTrace Information: 0 : 14236, 1, 2022/07/25, 22:41:15.235, 3824017115992, vstest.console.dll, AssemblyResolver.OnResolve: Microsoft.Bcl.AsyncInterfaces: Resolving assembly.
TpTrace Information: 0 : 14236, 1, 2022/07/25, 22:41:15.235, 3824017116475, vstest.console.dll, AssemblyResolver.OnResolve: Microsoft.Bcl.AsyncInterfaces: Resolved from cache.
TpTrace Verbose: 0 : 14236, 1, 2022/07/25, 22:41:15.235, 3824017116927, vstest.console.dll, CurrentDomainAssemblyResolve: Resolving assembly 'Microsoft.Bcl.AsyncInterfaces'.
TpTrace Information: 0 : 14236, 1, 2022/07/25, 22:41:15.235, 3824017117411, vstest.console.dll, AssemblyResolver.OnResolve: Microsoft.Bcl.AsyncInterfaces: Resolving assembly.
TpTrace Information: 0 : 14236, 1, 2022/07/25, 22:41:15.235, 3824017117758, vstest.console.dll, AssemblyResolver.OnResolve: Microsoft.Bcl.AsyncInterfaces: Resolved from cache.
TpTrace Verbose: 0 : 14236, 1, 2022/07/25, 22:41:15.235, 3824017118096, vstest.console.dll, CurrentDomainAssemblyResolve: Resolving assembly 'Microsoft.Bcl.AsyncInterfaces'.
TpTrace Verbose: 0 : 14236, 1, 2022/07/25, 22:41:15.235, 3824017118409, vstest.console.dll, CurrentDomainAssemblyResolve: Failed to resolve assembly 'Microsoft.Bcl.AsyncInterfaces'.
TpTrace Verbose: 0 : 14236, 1, 2022/07/25, 22:41:15.235, 3824017119860, vstest.console.dll, CurrentDomainAssemblyResolve: Failed to resolve assembly 'Microsoft.Bcl.AsyncInterfaces'.
TpTrace Warning: 0 : 14236, 1, 2022/07/25, 22:41:15.235, 3824017123340, vstest.console.dll, TestPluginDiscoverer: Failed to get types from assembly 'Microsoft.Diagnostics.NETCore.Client, Version=0.2.2.41902, Culture=neutral, PublicKeyToken=31bf3856ad364e35'.  Skipping test extension scan for this assembly.  Error: System.Reflection.ReflectionTypeLoadException: Unable to load one or more of the requested types.
Could not load file or assembly 'Microsoft.Bcl.AsyncInterfaces, Version=1.0.0.0, Culture=neutral, PublicKeyToken=cc7b13ffcd2ddd51'. Не удается найти указанный файл.
   at System.Reflection.RuntimeModule.GetTypes(RuntimeModule module)
   at System.Reflection.Assembly.GetTypes()
   at Microsoft.VisualStudio.TestPlatform.Common.ExtensionFramework.TestPluginDiscoverer.GetTestExtensionsFromAssembly[TPluginInfo,TExtension](Assembly assembly, Dictionary`2 pluginInfos)
System.IO.FileNotFoundException: Could not load file or assembly 'Microsoft.Bcl.AsyncInterfaces, Version=1.0.0.0, Culture=neutral, PublicKeyToken=cc7b13ffcd2ddd51'. Не удается найти указанный файл.
File name: 'Microsoft.Bcl.AsyncInterfaces, Version=1.0.0.0, Culture=neutral, PublicKeyToken=cc7b13ffcd2ddd51'
 ---> System.IO.FileNotFoundException: Could not load file or assembly 'Microsoft.Bcl.AsyncInterfaces, Culture=neutral, PublicKeyToken=null'. Не удается найти указанный файл.
File name: 'Microsoft.Bcl.AsyncInterfaces, Culture=neutral, PublicKeyToken=null'
   at System.Reflection.RuntimeAssembly.InternalLoad(ObjectHandleOnStack assemblyName, ObjectHandleOnStack requestingAssembly, StackCrawlMarkHandle stackMark, Boolean throwOnFileNotFound, ObjectHandleOnStack assemblyLoadContext, ObjectHandleOnStack retAssembly)
   at System.Reflection.RuntimeAssembly.InternalLoad(AssemblyName assemblyName, RuntimeAssembly requestingAssembly, StackCrawlMark& stackMark, Boolean throwOnFileNotFound, AssemblyLoadContext assemblyLoadContext)
   at System.Reflection.Assembly.Load(AssemblyName assemblyRef)
   at Microsoft.VisualStudio.TestPlatform.Common.ExtensionFramework.TestPluginCache.CurrentDomainAssemblyResolve(Object sender, AssemblyResolveEventArgs args)
   at Microsoft.VisualStudio.TestPlatform.PlatformAbstractions.PlatformAssemblyResolver.AssemblyResolverEvent(Object sender, Object eventArgs)
   at System.Runtime.Loader.AssemblyLoadContext.GetFirstResolvedAssemblyFromResolvingEvent(AssemblyName assemblyName)
   at System.Runtime.Loader.AssemblyLoadContext.ResolveUsingEvent(AssemblyName assemblyName)
   at System.Runtime.Loader.AssemblyLoadContext.ResolveUsingResolvingEvent(IntPtr gchManagedAssemblyLoadContext, AssemblyName assemblyName)
TpTrace Warning: 0 : 14236, 1, 2022/07/25, 22:41:15.235, 3824017124917, vstest.console.dll, LoaderExceptions: System.IO.FileNotFoundException: Could not load file or assembly 'Microsoft.Bcl.AsyncInterfaces, Version=1.0.0.0, Culture=neutral, PublicKeyToken=cc7b13ffcd2ddd51'. Не удается найти указанный файл.
File name: 'Microsoft.Bcl.AsyncInterfaces, Version=1.0.0.0, Culture=neutral, PublicKeyToken=cc7b13ffcd2ddd51'
 ---> System.IO.FileNotFoundException: Could not load file or assembly 'Microsoft.Bcl.AsyncInterfaces, Culture=neutral, PublicKeyToken=null'. Не удается найти указанный файл.
File name: 'Microsoft.Bcl.AsyncInterfaces, Culture=neutral, PublicKeyToken=null'
   at System.Reflection.RuntimeAssembly.InternalLoad(ObjectHandleOnStack assemblyName, ObjectHandleOnStack requestingAssembly, StackCrawlMarkHandle stackMark, Boolean throwOnFileNotFound, ObjectHandleOnStack assemblyLoadContext, ObjectHandleOnStack retAssembly)
   at System.Reflection.RuntimeAssembly.InternalLoad(AssemblyName assemblyName, RuntimeAssembly requestingAssembly, StackCrawlMark& stackMark, Boolean throwOnFileNotFound, AssemblyLoadContext assemblyLoadContext)
   at System.Reflection.Assembly.Load(AssemblyName assemblyRef)
   at Microsoft.VisualStudio.TestPlatform.Common.ExtensionFramework.TestPluginCache.CurrentDomainAssemblyResolve(Object sender, AssemblyResolveEventArgs args)
   at Microsoft.VisualStudio.TestPlatform.PlatformAbstractions.PlatformAssemblyResolver.AssemblyResolverEvent(Object sender, Object eventArgs)
   at System.Runtime.Loader.AssemblyLoadContext.GetFirstResolvedAssemblyFromResolvingEvent(AssemblyName assemblyName)
   at System.Runtime.Loader.AssemblyLoadContext.ResolveUsingEvent(AssemblyName assemblyName)
   at System.Runtime.Loader.AssemblyLoadContext.ResolveUsingResolvingEvent(IntPtr gchManagedAssemblyLoadContext, AssemblyName assemblyName)
TpTrace Verbose: 0 : 14236, 1, 2022/07/25, 22:41:15.236, 3824017128457, vstest.console.dll, TestPluginCache: Discovered the extensions using extension path ''.
TpTrace Verbose: 0 : 14236, 1, 2022/07/25, 22:41:15.236, 3824017129002, vstest.console.dll, TestPluginCache: Discoverers are ''.
TpTrace Verbose: 0 : 14236, 1, 2022/07/25, 22:41:15.236, 3824017129408, vstest.console.dll, TestPluginCache: Executors are ''.
TpTrace Verbose: 0 : 14236, 1, 2022/07/25, 22:41:15.236, 3824017129734, vstest.console.dll, TestPluginCache: Executors2 are ''.
TpTrace Verbose: 0 : 14236, 1, 2022/07/25, 22:41:15.236, 3824017130048, vstest.console.dll, TestPluginCache: Setting providers are ''.
TpTrace Verbose: 0 : 14236, 1, 2022/07/25, 22:41:15.236, 3824017130780, vstest.console.dll, TestPluginCache: Loggers are 'logger://Microsoft/TestPlatform/Extensions/Blame/v1,logger://Microsoft/TestPlatform/HtmlLogger/v1,logger://Microsoft/TestPlatform/TrxLogger/v1'.
TpTrace Information: 0 : 14236, 1, 2022/07/25, 22:41:15.237, 3824017136764, vstest.console.dll, TestPluginManager.CreateTestExtension: Attempting to load test extension: Microsoft.TestPlatform.Extensions.BlameDataCollector.BlameLogger
TpTrace Information: 0 : 14236, 1, 2022/07/25, 22:41:15.242, 3824017191760, vstest.console.dll, TestPluginManager.CreateTestExtension: Attempting to load test extension: Microsoft.VisualStudio.TestPlatform.CrossPlatEngine.Hosting.DefaultTestHostManager
TpTrace Information: 0 : 14236, 1, 2022/07/25, 22:41:15.242, 3824017194351, vstest.console.dll, TestPluginManager.CreateTestExtension: Attempting to load test extension: Microsoft.VisualStudio.TestPlatform.CrossPlatEngine.Hosting.DotnetTestHostManager
TpTrace Verbose: 0 : 14236, 1, 2022/07/25, 22:41:15.243, 3824017199610, vstest.console.dll, TestEngine: Initializing Parallel Execution as MaxCpuCount is set to: 1
TpTrace Information: 0 : 14236, 1, 2022/07/25, 22:41:15.243, 3824017205022, vstest.console.dll, InferRunSettingsHelper.IsTestSettingsEnabled: Unable to navigate to RunSettings/MSTest. Current node: RunSettings
TpTrace Verbose: 0 : 14236, 1, 2022/07/25, 22:41:15.256, 3824017331247, vstest.console.dll, TestRequestSender is acting as server
TpTrace Verbose: 0 : 14236, 5, 2022/07/25, 22:41:15.260, 3824017370904, vstest.console.dll, DataCollectionRequestSender.InitializeCommunication : Initialize communication. 
TpTrace Information: 0 : 14236, 5, 2022/07/25, 22:41:15.275, 3824017524748, vstest.console.dll, Listening on Endpoint : 127.0.0.1:63868
TpTrace Verbose: 0 : 14236, 5, 2022/07/25, 22:41:15.287, 3824017636165, vstest.console.dll, DotnetDataCollectionLauncher: Full path of dotnet.exe is C:\Program Files\dotnet\dotnet.exe
TpTrace Verbose: 0 : 14236, 5, 2022/07/25, 22:41:15.287, 3824017638371, vstest.console.dll, DotnetDataCollectionLauncher: Adding  --runtimeconfig "C:\Program Files\dotnet\sdk\5.0.409\datacollector.runtimeconfig.json" in args
TpTrace Verbose: 0 : 14236, 5, 2022/07/25, 22:41:15.287, 3824017639564, vstest.console.dll, DotnetDataCollectionLauncher: Adding  --depsfile "C:\Program Files\dotnet\sdk\5.0.409\datacollector.deps.json" in args
TpTrace Information: 0 : 14236, 5, 2022/07/25, 22:41:15.306, 3824017832980, vstest.console.dll, ProxyDataCollectionManager.Initialize: Launched datacollector processId: 1072 port: 63868
TpTrace Information: 0 : 14236, 5, 2022/07/25, 22:41:15.306, 3824017834581, vstest.console.dll, ProxyDataCollectionManager.Initialize: waiting for connection with timeout: 90 seconds
TpTrace Verbose: 0 : 14236, 5, 2022/07/25, 22:41:15.307, 3824017835165, vstest.console.dll, DataCollectionRequestSender.WaitForRequestHandlerConnection : Waiting for connection with timeout: 90000
TpTrace Information: 0 : 14236, 8, 2022/07/25, 22:41:15.464, 3824019411340, vstest.console.dll, Using the buffer size of 16384 bytes
TpTrace Verbose: 0 : 14236, 5, 2022/07/25, 22:41:15.464, 3824019411975, vstest.console.dll, ProxyDataCollectionManager.InvokeDataCollectionServiceAction: Starting.
TpTrace Information: 0 : 14236, 8, 2022/07/25, 22:41:15.464, 3824019412752, vstest.console.dll, Accepted Client request and set the flag
TpTrace Information: 0 : 14236, 5, 2022/07/25, 22:41:15.464, 3824019413681, vstest.console.dll, ProxyDataCollectionManager.BeforeTestRunStart: Get environment variable and port for datacollector processId: 1072 port: 63868
TpTrace Verbose: 0 : 14236, 5, 2022/07/25, 22:41:15.465, 3824019415331, vstest.console.dll, DataCollectionRequestSender.SendBeforeTestRunStartAndGetResult : Send BeforeTestRunStart message with settingsXml <RunSettings><RunConfiguration><ResultsDirectory>C:\Users\Артур\source\repos\FigureSquares\FiguresLibUnitTests\bin\Debug\netcoreapp3.1\fine-code-coverage\coverage-tool-output</ResultsDirectory><TargetPlatform>X64</TargetPlatform><TargetFrameworkVersion>.NETCoreApp,Version=v3.1</TargetFrameworkVersion><DesignMode>False</DesignMode><CollectSourceInformation>False</CollectSourceInformation><TestAdaptersPaths>C:\Program Files\dotnet\sdk\5.0.409\Extensions</TestAdaptersPaths></RunConfiguration><LoggerRunSettings><Loggers><Logger friendlyName="blame" enabled="True" /><Logger friendlyName="Console" uri="logger://microsoft/TestPlatform/ConsoleLogger/v1" assemblyQualifiedName="Microsoft.VisualStudio.TestPlatform.CommandLine.Internal.ConsoleLogger, vstest.console, Version=15.0.0.0, Culture=neutral, PublicKeyToken=b03f5f7f11d50a3a" codeBase="C:\Program Files\dotnet\sdk\5.0.409\vstest.console.dll" enabled="True" /></Loggers></LoggerRunSettings><DataCollectionRunSettings><DataCollectors><DataCollector friendlyName="blame" enabled="True"><Configuration><ResultsDirectory>C:\Users\Артур\source\repos\FigureSquares\FiguresLibUnitTests\bin\Debug\netcoreapp3.1\fine-code-coverage\coverage-tool-output</ResultsDirectory></Configuration></DataCollector></DataCollectors></DataCollectionRunSettings></RunSettings> and sources System.Linq.Enumerable+Concat2Iterator`1[System.String]: 
TpTrace Verbose: 0 : 14236, 5, 2022/07/25, 22:41:15.542, 3824020187857, vstest.console.dll, DataCollectionRequestSender.SendBeforeTestRunStartAndGetResult : Received message: (DataCollection.SendMessage) -> {
  "FriendlyName": null,
  "Uri": null,
  "TestCaseId": "00000000-0000-0000-0000-000000000000",
  "Message": "Logging DataCollector Diagnostics in file: C:\\Users\\Артур\\source\\repos\\FigureSquares\\FiguresLibUnitTests\\bin\\Debug\\netcoreapp3.1\\fine-code-coverage\\coverage-tool-output\\diagnostics.datacollector.22-07-25_22-41-15_28284_5.log",
  "Level": 0
}
TpTrace Information: 0 : 14236, 5, 2022/07/25, 22:41:15.548, 3824020251986, vstest.console.dll, AssemblyResolver.OnResolve: Microsoft.VisualStudio.TestPlatform.Common.resources: Resolving assembly.
TpTrace Information: 0 : 14236, 5, 2022/07/25, 22:41:15.548, 3824020253048, vstest.console.dll, AssemblyResolver.OnResolve: Microsoft.VisualStudio.TestPlatform.Common.resources: Searching in: 'C:\Program Files\dotnet\sdk\5.0.409\Extensions'.
TpTrace Information: 0 : 14236, 5, 2022/07/25, 22:41:15.548, 3824020254133, vstest.console.dll, AssemblyResolver.OnResolve: Microsoft.VisualStudio.TestPlatform.Common.resources: Assembly path does not exist: 'C:\Program Files\dotnet\sdk\5.0.409\Extensions\Microsoft.VisualStudio.TestPlatform.Common.resources.dll', returning.
TpTrace Information: 0 : 14236, 5, 2022/07/25, 22:41:15.549, 3824020255063, vstest.console.dll, AssemblyResolver.OnResolve: Microsoft.VisualStudio.TestPlatform.Common.resources: Assembly path does not exist: 'C:\Program Files\dotnet\sdk\5.0.409\Extensions\Microsoft.VisualStudio.TestPlatform.Common.resources.exe', returning.
TpTrace Information: 0 : 14236, 5, 2022/07/25, 22:41:15.549, 3824020255472, vstest.console.dll, AssemblyResolver.OnResolve: Microsoft.VisualStudio.TestPlatform.Common.resources: Searching in: 'C:\Program Files\dotnet\sdk\5.0.409'.
TpTrace Information: 0 : 14236, 5, 2022/07/25, 22:41:15.549, 3824020256398, vstest.console.dll, AssemblyResolver.OnResolve: Microsoft.VisualStudio.TestPlatform.Common.resources: Assembly path does not exist: 'C:\Program Files\dotnet\sdk\5.0.409\Microsoft.VisualStudio.TestPlatform.Common.resources.dll', returning.
TpTrace Information: 0 : 14236, 5, 2022/07/25, 22:41:15.549, 3824020257499, vstest.console.dll, AssemblyResolver.OnResolve: Microsoft.VisualStudio.TestPlatform.Common.resources: Assembly path does not exist: 'C:\Program Files\dotnet\sdk\5.0.409\Microsoft.VisualStudio.TestPlatform.Common.resources.exe', returning.
TpTrace Information: 0 : 14236, 5, 2022/07/25, 22:41:15.549, 3824020257947, vstest.console.dll, AssemblyResolver.OnResolve: Microsoft.VisualStudio.TestPlatform.Common.resources: Failed to load assembly.
TpTrace Verbose: 0 : 14236, 5, 2022/07/25, 22:41:15.613, 3824020904909, vstest.console.dll, DataCollectionRequestSender.SendBeforeTestRunStartAndGetResult : Received message: (DataCollection.BeforeTestRunStartResult) -> {
  "EnvironmentVariables": {},
  "DataCollectionEventsPort": 63871
}
TpTrace Information: 0 : 14236, 5, 2022/07/25, 22:41:15.619, 3824020959960, vstest.console.dll, ProxyDataCollectionManager.BeforeTestRunStart: SendBeforeTestRunStartAndGetResult successful, env variable from datacollector:   and testhost port: 63871
TpTrace Information: 0 : 14236, 5, 2022/07/25, 22:41:15.619, 3824020960923, vstest.console.dll, ProxyDataCollectionManager.InvokeDataCollectionServiceAction: Completed.
TpTrace Verbose: 0 : 14236, 1, 2022/07/25, 22:41:15.619, 3824020962327, vstest.console.dll, TestRunRequest.ExecuteAsync: Creating test run request.
TpTrace Verbose: 0 : 14236, 1, 2022/07/25, 22:41:15.620, 3824020965262, vstest.console.dll, TestRunRequest.ExecuteAsync: Starting.
TpTrace Information: 0 : 14236, 1, 2022/07/25, 22:41:15.620, 3824020968830, vstest.console.dll, TestRunRequest.ExecuteAsync: Starting run with settings:TestRunCriteria:
   KeepAlive=False,FrequencyOfRunStatsChangeEvent=10,RunStatsChangeEventTimeout=00:00:01.5000000,TestCaseFilter=,TestExecutorLauncher=
   Settingsxml=<RunSettings>
  <RunConfiguration>
    <ResultsDirectory>C:\Users\Артур\source\repos\FigureSquares\FiguresLibUnitTests\bin\Debug\netcoreapp3.1\fine-code-coverage\coverage-tool-output</ResultsDirectory>
    <TargetPlatform>X64</TargetPlatform>
    <TargetFrameworkVersion>.NETCoreApp,Version=v3.1</TargetFrameworkVersion>
    <DesignMode>False</DesignMode>
    <CollectSourceInformation>False</CollectSourceInformation>
  </RunConfiguration>
  <LoggerRunSettings>
    <Loggers>
      <Logger friendlyName="blame" enabled="True" />
      <Logger friendlyName="Console" uri="logger://microsoft/TestPlatform/ConsoleLogger/v1" assemblyQualifiedName="Microsoft.VisualStudio.TestPlatform.CommandLine.Internal.ConsoleLogger, vstest.console, Version=15.0.0.0, Culture=neutral, PublicKeyToken=b03f5f7f11d50a3a" codeBase="C:\Program Files\dotnet\sdk\5.0.409\vstest.console.dll" enabled="True" />
    </Loggers>
  </LoggerRunSettings>
  <DataCollectionRunSettings>
    <DataCollectors>
      <DataCollector friendlyName="blame" enabled="True">
        <Configuration>
          <ResultsDirectory>C:\Users\Артур\source\repos\FigureSquares\FiguresLibUnitTests\bin\Debug\netcoreapp3.1\fine-code-coverage\coverage-tool-output</ResultsDirectory>
        </Configuration>
      </DataCollector>
    </DataCollectors>
  </DataCollectionRunSettings>
</RunSettings>

TpTrace Verbose: 0 : 14236, 1, 2022/07/25, 22:41:15.620, 3824020969435, vstest.console.dll, TestRunRequest.ExecuteAsync: Wait for the first run request is over.
TpTrace Verbose: 0 : 14236, 1, 2022/07/25, 22:41:15.620, 3824020973341, vstest.console.dll, ParallelProxyExecutionManager: Start execution. Total sources: 1
TpTrace Information: 0 : 14236, 1, 2022/07/25, 22:41:15.621, 3824020978574, vstest.console.dll, ProxyParallelExecutionManager: Triggering test run for next source: C:\Users\Артур\source\repos\FigureSquares\FiguresLibUnitTests\bin\Debug\fine-code-coverage-netcoreapp3.1\FiguresLibUnitTests.dll
TpTrace Verbose: 0 : 14236, 5, 2022/07/25, 22:41:15.621, 3824020979821, vstest.console.dll, ParallelProxyExecutionManager: Execution started. Started clients: 1
TpTrace Verbose: 0 : 14236, 1, 2022/07/25, 22:41:15.621, 3824020980237, vstest.console.dll, ProxyParallelExecutionManager: No sources available for execution.
TpTrace Information: 0 : 14236, 1, 2022/07/25, 22:41:15.621, 3824020980949, vstest.console.dll, TestRunRequest.ExecuteAsync: Started.
TpTrace Verbose: 0 : 14236, 1, 2022/07/25, 22:41:15.621, 3824020981641, vstest.console.dll, TestRunRequest.WaitForCompletion: Waiting with timeout -1.
TpTrace Verbose: 0 : 14236, 5, 2022/07/25, 22:41:15.621, 3824020982501, vstest.console.dll, TestRunRequest:SendTestRunMessage: Starting.
TpTrace Information: 0 : 14236, 5, 2022/07/25, 22:41:15.621, 3824020983542, vstest.console.dll, TestRunRequest:SendTestRunMessage: Completed.
TpTrace Verbose: 0 : 14236, 5, 2022/07/25, 22:41:15.622, 3824020985410, vstest.console.dll, ProxyExecutionManager: Test host is always Lazy initialize.
TpTrace Verbose: 0 : 14236, 5, 2022/07/25, 22:41:15.622, 3824020987683, vstest.console.dll, TestRequestSender.InitializeCommunication: initialize communication. 
TpTrace Information: 0 : 14236, 5, 2022/07/25, 22:41:15.622, 3824020992717, vstest.console.dll, SocketServer.Start: Listening on endpoint : 127.0.0.1:63872
TpTrace Verbose: 0 : 14236, 5, 2022/07/25, 22:41:15.623, 3824020999883, vstest.console.dll, DotnetTestHostmanager: Adding  --runtimeconfig "C:\Users\Артур\source\repos\FigureSquares\FiguresLibUnitTests\bin\Debug\fine-code-coverage-netcoreapp3.1\FiguresLibUnitTests.runtimeconfig.json" in args
TpTrace Verbose: 0 : 14236, 5, 2022/07/25, 22:41:15.623, 3824021001135, vstest.console.dll, DotnetTestHostmanager: Adding  --depsfile "C:\Users\Артур\source\repos\FigureSquares\FiguresLibUnitTests\bin\Debug\fine-code-coverage-netcoreapp3.1\FiguresLibUnitTests.deps.json" in args
TpTrace Verbose: 0 : 14236, 5, 2022/07/25, 22:41:15.623, 3824021003454, vstest.console.dll, DotnetTestHostManager: Testhost.exe/testhost.x86.exe found at path: C:\Users\Артур\source\repos\FigureSquares\FiguresLibUnitTests\bin\Debug\fine-code-coverage-netcoreapp3.1\testhost.exe
TpTrace Verbose: 0 : 14236, 5, 2022/07/25, 22:41:15.623, 3824021004016, vstest.console.dll, DotnetTestHostmanager: Full path of host exe is C:\Users\Артур\source\repos\FigureSquares\FiguresLibUnitTests\bin\Debug\fine-code-coverage-netcoreapp3.1\testhost.exe
TpTrace Verbose: 0 : 14236, 7, 2022/07/25, 22:41:15.624, 3824021011715, vstest.console.dll, DotnetTestHostManager: Starting process 'C:\Users\Артур\source\repos\FigureSquares\FiguresLibUnitTests\bin\Debug\fine-code-coverage-netcoreapp3.1\testhost.exe' with command line ' --runtimeconfig "C:\Users\Артур\source\repos\FigureSquares\FiguresLibUnitTests\bin\Debug\fine-code-coverage-netcoreapp3.1\FiguresLibUnitTests.runtimeconfig.json" --depsfile "C:\Users\Артур\source\repos\FigureSquares\FiguresLibUnitTests\bin\Debug\fine-code-coverage-netcoreapp3.1\FiguresLibUnitTests.deps.json" --port 63872 --endpoint 127.0.0.1:063872 --role client --parentprocessid 14236 --diag "C:\Users\Артур\source\repos\FigureSquares\FiguresLibUnitTests\bin\Debug\netcoreapp3.1\fine-code-coverage\coverage-tool-output\diagnostics.host.22-07-25_22-41-15_62308_5.log" --tracelevel 4 --datacollectionport 63871 --telemetryoptedin false'
TpTrace Verbose: 0 : 14236, 7, 2022/07/25, 22:41:15.641, 3824021183226, vstest.console.dll, Test Runtime launched
TpTrace Verbose: 0 : 14236, 5, 2022/07/25, 22:41:15.642, 3824021188478, vstest.console.dll, TestRequestSender.WaitForRequestHandlerConnection: waiting for connection with timeout: 90000
TpTrace Verbose: 0 : 14236, 7, 2022/07/25, 22:41:15.843, 3824023200647, vstest.console.dll, SocketServer.OnClientConnected: Client connected for endPoint: 127.0.0.1:63872, starting MessageLoopAsync:
TpTrace Verbose: 0 : 14236, 14, 2022/07/25, 22:41:15.843, 3824023203433, vstest.console.dll, TcpClientExtensions.MessageLoopAsync: Polling on remoteEndPoint: 127.0.0.1:63873 localEndPoint: 127.0.0.1:63872
TpTrace Verbose: 0 : 14236, 14, 2022/07/25, 22:41:15.987, 3824024637428, vstest.console.dll, TcpClientExtensions.MessageLoopAsync: NotifyDataAvailable remoteEndPoint: 127.0.0.1:63873 localEndPoint: 127.0.0.1:63872
TpTrace Verbose: 0 : 14236, 14, 2022/07/25, 22:41:15.987, 3824024640455, vstest.console.dll, TestRequestSender.CheckVersionWithTestHost: onMessageReceived received message: (ProtocolVersion) -> 5
TpTrace Verbose: 0 : 14236, 14, 2022/07/25, 22:41:15.987, 3824024644033, vstest.console.dll, TcpClientExtensions.MessageLoopAsync: Polling on remoteEndPoint: 127.0.0.1:63873 localEndPoint: 127.0.0.1:63872
TpTrace Verbose: 0 : 14236, 5, 2022/07/25, 22:41:15.987, 3824024644688, vstest.console.dll, TestPluginCache.GetExtensionPaths: Filtered extension paths: 
TpTrace Verbose: 0 : 14236, 5, 2022/07/25, 22:41:15.988, 3824024645318, vstest.console.dll, TestPluginCache.GetExtensionPaths: Added default extension paths: C:\Program Files\dotnet\sdk\5.0.409\Extensions\Microsoft.Diagnostics.NETCore.Client.dll
C:\Program Files\dotnet\sdk\5.0.409\Extensions\Microsoft.TestPlatform.Extensions.BlameDataCollector.dll
C:\Program Files\dotnet\sdk\5.0.409\Extensions\Microsoft.TestPlatform.Extensions.EventLogCollector.dll
C:\Program Files\dotnet\sdk\5.0.409\Extensions\Microsoft.TestPlatform.TestHostRuntimeProvider.dll
C:\Program Files\dotnet\sdk\5.0.409\Extensions\Microsoft.VisualStudio.TestPlatform.Extensions.Html.TestLogger.dll
C:\Program Files\dotnet\sdk\5.0.409\Extensions\Microsoft.VisualStudio.TestPlatform.Extensions.Trx.TestLogger.dll
TpTrace Verbose: 0 : 14236, 5, 2022/07/25, 22:41:15.988, 3824024645769, vstest.console.dll, TestPluginCache.GetExtensionPaths: Added unfilterableExtensionPaths: 
TpTrace Verbose: 0 : 14236, 5, 2022/07/25, 22:41:15.991, 3824024680994, vstest.console.dll, TestRequestSender.InitializeExecution: Sending initializing execution with message: {"Version":5,"MessageType":"TestExecution.Initialize","Payload":["C:\\Users\\Артур\\source\\repos\\FigureSquares\\FiguresLibUnitTests\\bin\\Debug\\fine-code-coverage-netcoreapp3.1\\Microsoft.VisualStudio.TestPlatform.MSTest.TestAdapter.dll"]}
TpTrace Verbose: 0 : 14236, 5, 2022/07/25, 22:41:15.999, 3824024763344, vstest.console.dll, TestRequestSender.StartTestRun: Sending test run with message: {"Version":5,"MessageType":"TestExecution.StartWithSources","Payload":{"AdapterSourceMap":{"_none_":["C:\\Users\\Артур\\source\\repos\\FigureSquares\\FiguresLibUnitTests\\bin\\Debug\\fine-code-coverage-netcoreapp3.1\\FiguresLibUnitTests.dll"]},"RunSettings":"<RunSettings>\r\n  <RunConfiguration>\r\n    <ResultsDirectory>C:\\Users\\Артур\\source\\repos\\FigureSquares\\FiguresLibUnitTests\\bin\\Debug\\netcoreapp3.1\\fine-code-coverage\\coverage-tool-output</ResultsDirectory>\r\n    <TargetPlatform>X64</TargetPlatform>\r\n    <TargetFrameworkVersion>.NETCoreApp,Version=v3.1</TargetFrameworkVersion>\r\n    <DesignMode>False</DesignMode>\r\n    <CollectSourceInformation>False</CollectSourceInformation>\r\n  </RunConfiguration>\r\n  <LoggerRunSettings>\r\n    <Loggers>\r\n      <Logger friendlyName=\"blame\" enabled=\"True\" />\r\n      <Logger friendlyName=\"Console\" uri=\"logger://microsoft/TestPlatform/ConsoleLogger/v1\" assemblyQualifiedName=\"Microsoft.VisualStudio.TestPlatform.CommandLine.Internal.ConsoleLogger, vstest.console, Version=15.0.0.0, Culture=neutral, PublicKeyToken=b03f5f7f11d50a3a\" codeBase=\"C:\\Program Files\\dotnet\\sdk\\5.0.409\\vstest.console.dll\" enabled=\"True\" />\r\n    </Loggers>\r\n  </LoggerRunSettings>\r\n  <DataCollectionRunSettings>\r\n    <DataCollectors>\r\n      <DataCollector friendlyName=\"blame\" enabled=\"True\">\r\n        <Configuration>\r\n          <ResultsDirectory>C:\\Users\\Артур\\source\\repos\\FigureSquares\\FiguresLibUnitTests\\bin\\Debug\\netcoreapp3.1\\fine-code-coverage\\coverage-tool-output</ResultsDirectory>\r\n        </Configuration>\r\n      </DataCollector>\r\n    </DataCollectors>\r\n  </DataCollectionRunSettings>\r\n</RunSettings>","TestExecutionContext":{"FrequencyOfRunStatsChangeEvent":10,"RunStatsChangeEventTimeout":"00:00:01.5000000","InIsolation":false,"KeepAlive":false,"AreTestCaseLevelEventsRequired":false,"IsDebug":false,"TestCaseFilter":null,"FilterOptions":null},"Package":null}}
TpTrace Verbose: 0 : 14236, 14, 2022/07/25, 22:41:16.000, 3824024768107, vstest.console.dll, TcpClientExtensions.MessageLoopAsync: NotifyDataAvailable remoteEndPoint: 127.0.0.1:63873 localEndPoint: 127.0.0.1:63872
TpTrace Verbose: 0 : 14236, 14, 2022/07/25, 22:41:16.000, 3824024769790, vstest.console.dll, TestRequestSender.OnExecutionMessageReceived: Received message: {"Version":5,"MessageType":"TestSession.Message","Payload":{"MessageLevel":0,"Message":"Ведение журналов диагностики TestHost в файле: C:\\Users\\Артур\\source\\repos\\FigureSquares\\FiguresLibUnitTests\\bin\\Debug\\netcoreapp3.1\\fine-code-coverage\\coverage-tool-output\\diagnostics.host.22-07-25_22-41-15_62308_5.log"}}
TpTrace Verbose: 0 : 14236, 14, 2022/07/25, 22:41:16.005, 3824024820358, vstest.console.dll, TestRunRequest:SendTestRunMessage: Starting.
TpTrace Information: 0 : 14236, 14, 2022/07/25, 22:41:16.005, 3824024821864, vstest.console.dll, TestRunRequest:SendTestRunMessage: Completed.
TpTrace Verbose: 0 : 14236, 14, 2022/07/25, 22:41:16.005, 3824024822346, vstest.console.dll, TcpClientExtensions.MessageLoopAsync: Polling on remoteEndPoint: 127.0.0.1:63873 localEndPoint: 127.0.0.1:63872
TpTrace Verbose: 0 : 14236, 14, 2022/07/25, 22:41:16.427, 3824029039645, vstest.console.dll, TcpClientExtensions.MessageLoopAsync: NotifyDataAvailable remoteEndPoint: 127.0.0.1:63873 localEndPoint: 127.0.0.1:63872
TpTrace Verbose: 0 : 14236, 14, 2022/07/25, 22:41:16.427, 3824029043923, vstest.console.dll, TestRequestSender.OnExecutionMessageReceived: Received message: {"Version":5,"MessageType":"TestExecution.Completed","Payload":{"TestRunCompleteArgs":{"TestRunStatistics":{"ExecutedTests":9,"Stats":{"Passed":9}},"IsCanceled":false,"IsAborted":false,"Error":null,"AttachmentSets":[],"ElapsedTimeInRunningTests":"00:00:00.2602043","Metrics":{}},"LastRunTests":{"NewTestResults":[{"TestCase":{"Id":"71a6928c-b615-8d0a-5741-15cf87865e49","FullyQualifiedName":"FiguresLibUnitTests.RadiusTests.GetSquareTests","DisplayName":"GetSquareTests","ExecutorUri":"executor://MSTestAdapter/v2","Source":"C:\\Users\\Артур\\source\\repos\\FigureSquares\\FiguresLibUnitTests\\bin\\Debug\\fine-code-coverage-netcoreapp3.1\\FiguresLibUnitTests.dll","CodeFilePath":null,"LineNumber":-1,"Properties":[{"Key":{"Id":"TestCase.ManagedType","Label":"ManagedType","Category":"","Description":"","Attributes":1,"ValueType":"System.String"},"Value":"FiguresLibUnitTests.RadiusTests"},{"Key":{"Id":"TestCase.ManagedMethod","Label":"ManagedMethod","Category":"","Description":"","Attributes":1,"ValueType":"System.String"},"Value":"GetSquareTests"},{"Key":{"Id":"MSTestDiscoverer.TestClassName","Label":"ClassName","Category":"","Description":"","Attributes":1,"ValueType":"System.String"},"Value":"FiguresLibUnitTests.RadiusTests"},{"Key":{"Id":"TestCase.Hierarchy","Label":"Hierarchy","Category":"","Description":"","Attributes":2,"ValueType":"System.String[]"},"Value":["FiguresLibUnitTests","RadiusTests"]},{"Key":{"Id":"TestObject.Traits","Label":"Traits","Category":"","Description":"","Attributes":5,"ValueType":"System.Collections.Generic.KeyValuePair`2[[System.String],[System.String]][]"},"Value":[]}]},"Attachments":[],"Outcome":1,"ErrorMessage":null,"ErrorStackTrace":null,"DisplayName":"GetSquareTests","Messages":[],"ComputerName":null,"Duration":"00:00:00.0058201","StartTime":"2022-07-25T22:41:16.2955407+05:00","EndTime":"2022-07-25T22:41:16.3216209+05:00","Properties":[{"Key":{"Id":"ExecutionId","Label":"ExecutionId","Category":"","Description":"","Attributes":1,"ValueType":"System.Guid"},"Value":"00000000-0000-0000-0000-000000000000"},{"Key":{"Id":"ParentExecId","Label":"ParentExecId","Category":"","Description":"","Attributes":1,"ValueType":"System.Guid"},"Value":"00000000-0000-0000-0000-000000000000"},{"Key":{"Id":"InnerResultsCount","Label":"InnerResultsCount","Category":"","Description":"","Attributes":1,"ValueType":"System.Int32"},"Value":0}]},{"TestCase":{"Id":"0f5f3dcb-f004-4628-6b63-7e14c8529206","FullyQualifiedName":"FiguresLibUnitTests.PerimeterTests.GetPerimeterManySidesTests","DisplayName":"GetPerimeterManySidesTests","ExecutorUri":"executor://MSTestAdapter/v2","Source":"C:\\Users\\Артур\\source\\repos\\FigureSquares\\FiguresLibUnitTests\\bin\\Debug\\fine-code-coverage-netcoreapp3.1\\FiguresLibUnitTests.dll","CodeFilePath":null,"LineNumber":-1,"Properties":[{"Key":{"Id":"TestCase.ManagedType","Label":"ManagedType","Category":"","Description":"","Attributes":1,"ValueType":"System.String"},"Value":"FiguresLibUnitTests.PerimeterTests"},{"Key":{"Id":"TestCase.ManagedMethod","Label":"ManagedMethod","Category":"","Description":"","Attributes":1,"ValueType":"System.String"},"Value":"GetPerimeterManySidesTests"},{"Key":{"Id":"MSTestDiscoverer.TestClassName","Label":"ClassName","Category":"","Description":"","Attributes":1,"ValueType":"System.String"},"Value":"FiguresLibUnitTests.PerimeterTests"},{"Key":{"Id":"TestCase.Hierarchy","Label":"Hierarchy","Category":"","Description":"","Attributes":2,"ValueType":"System.String[]"},"Value":["FiguresLibUnitTests","PerimeterTests"]},{"Key":{"Id":"TestObject.Traits","Label":"Traits","Category":"","Description":"","Attributes":5,"ValueType":"System.Collections.Generic.KeyValuePair`2[[System.String],[System.String]][]"},"Value":[]}]},"Attachments":[],"Outcome":1,"ErrorMessage":null,"ErrorStackTrace":null,"DisplayName":"GetPerimeterManySidesTests","Messages":[],"ComputerName":null,"Duration":"00:00:00.0014029","StartTime":"2022-07-25T22:41:16.3478643+05:00","EndTime":"2022-07-25T22:41:16.3497636+05:00","Properties":[{"Key":{"Id":"ExecutionId","Label":"ExecutionId","Category":"","Description":"","Attributes":1,"ValueType":"System.Guid"},"Value":"00000000-0000-0000-0000-000000000000"},{"Key":{"Id":"ParentExecId","Label":"ParentExecId","Category":"","Description":"","Attributes":1,"ValueType":"System.Guid"},"Value":"00000000-0000-0000-0000-000000000000"},{"Key":{"Id":"InnerResultsCount","Label":"InnerResultsCount","Category":"","Description":"","Attributes":1,"ValueType":"System.Int32"},"Value":0}]},{"TestCase":{"Id":"21792611-0bf3-dec3-e418-92f123a80650","FullyQualifiedName":"FiguresLibUnitTests.PerimeterTests.GetPerimeterZeroSidesTests","DisplayName":"GetPerimeterZeroSidesTests","ExecutorUri":"executor://MSTestAdapter/v2","Source":"C:\\Users\\Артур\\source\\repos\\FigureSquares\\FiguresLibUnitTests\\bin\\Debug\\fine-code-coverage-netcoreapp3.1\\FiguresLibUnitTests.dll","CodeFilePath":null,"LineNumber":-1,"Properties":[{"Key":{"Id":"TestCase.ManagedType","Label":"ManagedType","Category":"","Description":"","Attributes":1,"ValueType":"System.String"},"Value":"FiguresLibUnitTests.PerimeterTests"},{"Key":{"Id":"TestCase.ManagedMethod","Label":"ManagedMethod","Category":"","Description":"","Attributes":1,"ValueType":"System.String"},"Value":"GetPerimeterZeroSidesTests"},{"Key":{"Id":"MSTestDiscoverer.TestClassName","Label":"ClassName","Category":"","Description":"","Attributes":1,"ValueType":"System.String"},"Value":"FiguresLibUnitTests.PerimeterTests"},{"Key":{"Id":"TestCase.Hierarchy","Label":"Hierarchy","Category":"","Description":"","Attributes":2,"ValueType":"System.String[]"},"Value":["FiguresLibUnitTests","PerimeterTests"]},{"Key":{"Id":"TestObject.Traits","Label":"Traits","Category":"","Description":"","Attributes":5,"ValueType":"System.Collections.Generic.KeyValuePair`2[[System.String],[System.String]][]"},"Value":[]}]},"Attachments":[],"Outcome":1,"ErrorMessage":null,"ErrorStackTrace":null,"DisplayName":"GetPerimeterZeroSidesTests","Messages":[],"ComputerName":null,"Duration":"00:00:00.0001801","StartTime":"2022-07-25T22:41:16.3532746+05:00","EndTime":"2022-07-25T22:41:16.3537203+05:00","Properties":[{"Key":{"Id":"ExecutionId","Label":"ExecutionId","Category":"","Description":"","Attributes":1,"ValueType":"System.Guid"},"Value":"00000000-0000-0000-0000-000000000000"},{"Key":{"Id":"ParentExecId","Label":"ParentExecId","Category":"","Description":"","Attributes":1,"ValueType":"System.Guid"},"Value":"00000000-0000-0000-0000-000000000000"},{"Key":{"Id":"InnerResultsCount","Label":"InnerResultsCount","Category":"","Description":"","Attributes":1,"ValueType":"System.Int32"},"Value":0}]},{"TestCase":{"Id":"d388921b-1109-b3d2-371d-e85a41a941b5","FullyQualifiedName":"FiguresLibUnitTests.ValidatorTests.TriangleExistsTrueTests","DisplayName":"TriangleExistsTrueTests","ExecutorUri":"executor://MSTestAdapter/v2","Source":"C:\\Users\\Артур\\source\\repos\\FigureSquares\\FiguresLibUnitTests\\bin\\Debug\\fine-code-coverage-netcoreapp3.1\\FiguresLibUnitTests.dll","CodeFilePath":null,"LineNumber":-1,"Properties":[{"Key":{"Id":"TestCase.ManagedType","Label":"ManagedType","Category":"","Description":"","Attributes":1,"ValueType":"System.String"},"Value":"FiguresLibUnitTests.ValidatorTests"},{"Key":{"Id":"TestCase.ManagedMethod","Label":"ManagedMethod","Category":"","Description":"","Attributes":1,"ValueType":"System.String"},"Value":"TriangleExistsTrueTests"},{"Key":{"Id":"MSTestDiscoverer.TestClassName","Label":"ClassName","Category":"","Description":"","Attributes":1,"ValueType":"System.String"},"Value":"FiguresLibUnitTests.ValidatorTests"},{"Key":{"Id":"TestCase.Hierarchy","Label":"Hierarchy","Category":"","Description":"","Attributes":2,"ValueType":"System.String[]"},"Value":["FiguresLibUnitTests","ValidatorTests"]},{"Key":{"Id":"TestObject.Traits","Label":"Traits","Category":"","Description":"","Attributes":5,"ValueType":"System.Collections.Generic.KeyValuePair`2[[System.String],[System.String]][]"},"Value":[]}]},"Attachments":[],"Outcome":1,"ErrorMessage":null,"ErrorStackTrace":null,"DisplayName":"TriangleExistsTrueTests","Messages":[],"ComputerName":null,"Duration":"00:00:00.0007977","StartTime":"2022-07-25T22:41:16.35662+05:00","EndTime":"2022-07-25T22:41:16.3577657+05:00","Properties":[{"Key":{"Id":"ExecutionId","Label":"ExecutionId","Category":"","Description":"","Attributes":1,"ValueType":"System.Guid"},"Value":"00000000-0000-0000-0000-000000000000"},{"Key":{"Id":"ParentExecId","Label":"ParentExecId","Category":"","Description":"","Attributes":1,"ValueType":"System.Guid"},"Value":"00000000-0000-0000-0000-000000000000"},{"Key":{"Id":"InnerResultsCount","Label":"InnerResultsCount","Category":"","Description":"","Attributes":1,"ValueType":"System.Int32"},"Value":0}]},{"TestCase":{"Id":"194b576b-f0e9-c75a-8931-35e7b453d608","FullyQualifiedName":"FiguresLibUnitTests.ValidatorTests.TriangleExistsFalseTests","DisplayName":"TriangleExistsFalseTests","ExecutorUri":"executor://MSTestAdapter/v2","Source":"C:\\Users\\Артур\\source\\repos\\FigureSquares\\FiguresLibUnitTests\\bin\\Debug\\fine-code-coverage-netcoreapp3.1\\FiguresLibUnitTests.dll","CodeFilePath":null,"LineNumber":-1,"Properties":[{"Key":{"Id":"TestCase.ManagedType","Label":"ManagedType","Category":"","Description":"","Attributes":1,"ValueType":"System.String"},"Value":"FiguresLibUnitTests.ValidatorTests"},{"Key":{"Id":"TestCase.ManagedMethod","Label":"ManagedMethod","Category":"","Description":"","Attributes":1,"ValueType":"System.String"},"Value":"TriangleExistsFalseTests"},{"Key":{"Id":"MSTestDiscoverer.TestClassName","Label":"ClassName","Category":"","Description":"","Attributes":1,"ValueType":"System.String"},"Value":"FiguresLibUnitTests.ValidatorTests"},{"Key":{"Id":"TestCase.Hierarchy","Label":"Hierarchy","Category":"","Description":"","Attributes":2,"ValueType":"System.String[]"},"Value":["FiguresLibUnitTests","ValidatorTests"]},{"Key":{"Id":"TestObject.Traits","Label":"Traits","Category":"","Description":"","Attributes":5,"ValueType":"System.Collections.Generic.KeyValuePair`2[[System.String],[System.String]][]"},"Value":[]}]},"Attachments":[],"Outcome":1,"ErrorMessage":null,"ErrorStackTrace":null,"DisplayName":"TriangleExistsFalseTests","Messages":[{"Category":"StdOutMsgs","Text":"\nThe triangle doesn't exist\n\r\n"}],"ComputerName":null,"Duration":"00:00:00.0002798","StartTime":"2022-07-25T22:41:16.3608702+05:00","EndTime":"2022-07-25T22:41:16.3613464+05:00","Properties":[{"Key":{"Id":"ExecutionId","Label":"ExecutionId","Category":"","Description":"","Attributes":1,"ValueType":"System.Guid"},"Value":"00000000-0000-0000-0000-000000000000"},{"Key":{"Id":"ParentExecId","Label":"ParentExecId","Category":"","Description":"","Attributes":1,"ValueType":"System.Guid"},"Value":"00000000-0000-0000-0000-000000000000"},{"Key":{"Id":"InnerResultsCount","Label":"InnerResultsCount","Category":"","Description":"","Attributes":1,"ValueType":"System.Int32"},"Value":0}]},{"TestCase":{"Id":"b12067da-8aec-1fca-7e84-90b83506897f","FullyQualifiedName":"FiguresLibUnitTests.ValidatorTests.TriangleRectangularTrueTests","DisplayName":"TriangleRectangularTrueTests","ExecutorUri":"executor://MSTestAdapter/v2","Source":"C:\\Users\\Артур\\source\\repos\\FigureSquares\\FiguresLibUnitTests\\bin\\Debug\\fine-code-coverage-netcoreapp3.1\\FiguresLibUnitTests.dll","CodeFilePath":null,"LineNumber":-1,"Properties":[{"Key":{"Id":"TestCase.ManagedType","Label":"ManagedType","Category":"","Description":"","Attributes":1,"ValueType":"System.String"},"Value":"FiguresLibUnitTests.ValidatorTests"},{"Key":{"Id":"TestCase.ManagedMethod","Label":"ManagedMethod","Category":"","Description":"","Attributes":1,"ValueType":"System.String"},"Value":"TriangleRectangularTrueTests"},{"Key":{"Id":"MSTestDiscoverer.TestClassName","Label":"ClassName","Category":"","Description":"","Attributes":1,"ValueType":"System.String"},"Value":"FiguresLibUnitTests.ValidatorTests"},{"Key":{"Id":"TestCase.Hierarchy","Label":"Hierarchy","Category":"","Description":"","Attributes":2,"ValueType":"System.String[]"},"Value":["FiguresLibUnitTests","ValidatorTests"]},{"Key":{"Id":"TestObject.Traits","Label":"Traits","Category":"","Description":"","Attributes":5,"ValueType":"System.Collections.Generic.KeyValuePair`2[[System.String],[System.String]][]"},"Value":[]}]},"Attachments":[],"Outcome":1,"ErrorMessage":null,"ErrorStackTrace":null,"DisplayName":"TriangleRectangularTrueTests","Messages":[{"Category":"StdOutMsgs","Text":"You are lucky, the triangle is rectangular!\n\r\n"}],"ComputerName":null,"Duration":"00:00:00.0002780","StartTime":"2022-07-25T22:41:16.3642496+05:00","EndTime":"2022-07-25T22:41:16.3647677+05:00","Properties":[{"Key":{"Id":"ExecutionId","Label":"ExecutionId","Category":"","Description":"","Attributes":1,"ValueType":"System.Guid"},"Value":"00000000-0000-0000-0000-000000000000"},{"Key":{"Id":"ParentExecId","Label":"ParentExecId","Category":"","Description":"","Attributes":1,"ValueType":"System.Guid"},"Value":"00000000-0000-0000-0000-000000000000"},{"Key":{"Id":"InnerResultsCount","Label":"InnerResultsCount","Category":"","Description":"","Attributes":1,"ValueType":"System.Int32"},"Value":0}]},{"TestCase":{"Id":"a50cda04-6aab-cb58-0a84-ec1215d7792f","FullyQualifiedName":"FiguresLibUnitTests.ValidatorTests.TriangleRectangularFalseTests","DisplayName":"TriangleRectangularFalseTests","ExecutorUri":"executor://MSTestAdapter/v2","Source":"C:\\Users\\Артур\\source\\repos\\FigureSquares\\FiguresLibUnitTests\\bin\\Debug\\fine-code-coverage-netcoreapp3.1\\FiguresLibUnitTests.dll","CodeFilePath":null,"LineNumber":-1,"Properties":[{"Key":{"Id":"TestCase.ManagedType","Label":"ManagedType","Category":"","Description":"","Attributes":1,"ValueType":"System.String"},"Value":"FiguresLibUnitTests.ValidatorTests"},{"Key":{"Id":"TestCase.ManagedMethod","Label":"ManagedMethod","Category":"","Description":"","Attributes":1,"ValueType":"System.String"},"Value":"TriangleRectangularFalseTests"},{"Key":{"Id":"MSTestDiscoverer.TestClassName","Label":"ClassName","Category":"","Description":"","Attributes":1,"ValueType":"System.String"},"Value":"FiguresLibUnitTests.ValidatorTests"},{"Key":{"Id":"TestCase.Hierarchy","Label":"Hierarchy","Category":"","Description":"","Attributes":2,"ValueType":"System.String[]"},"Value":["FiguresLibUnitTests","ValidatorTests"]},{"Key":{"Id":"TestObject.Traits","Label":"Traits","Category":"","Description":"","Attributes":5,"ValueType":"System.Collections.Generic.KeyValuePair`2[[System.String],[System.String]][]"},"Value":[]}]},"Attachments":[],"Outcome":1,"ErrorMessage":null,"ErrorStackTrace":null,"DisplayName":"TriangleRectangularFalseTests","Messages":[{"Category":"StdOutMsgs","Text":"Bad luck, the triangle is not rectangular :(\n\r\n"}],"ComputerName":null,"Duration":"00:00:00.0002087","StartTime":"2022-07-25T22:41:16.3676213+05:00","EndTime":"2022-07-25T22:41:16.3681949+05:00","Properties":[{"Key":{"Id":"ExecutionId","Label":"ExecutionId","Category":"","Description":"","Attributes":1,"ValueType":"System.Guid"},"Value":"00000000-0000-0000-0000-000000000000"},{"Key":{"Id":"ParentExecId","Label":"ParentExecId","Category":"","Description":"","Attributes":1,"ValueType":"System.Guid"},"Value":"00000000-0000-0000-0000-000000000000"},{"Key":{"Id":"InnerResultsCount","Label":"InnerResultsCount","Category":"","Description":"","Attributes":1,"ValueType":"System.Int32"},"Value":0}]},{"TestCase":{"Id":"fdddee5d-1a33-3567-2e07-53743c0c0daa","FullyQualifiedName":"FiguresLibUnitTests.GeronTests.GetSquareExistTests","DisplayName":"GetSquareExistTests","ExecutorUri":"executor://MSTestAdapter/v2","Source":"C:\\Users\\Артур\\source\\repos\\FigureSquares\\FiguresLibUnitTests\\bin\\Debug\\fine-code-coverage-netcoreapp3.1\\FiguresLibUnitTests.dll","CodeFilePath":null,"LineNumber":-1,"Properties":[{"Key":{"Id":"TestCase.ManagedType","Label":"ManagedType","Category":"","Description":"","Attributes":1,"ValueType":"System.String"},"Value":"FiguresLibUnitTests.GeronTests"},{"Key":{"Id":"TestCase.ManagedMethod","Label":"ManagedMethod","Category":"","Description":"","Attributes":1,"ValueType":"System.String"},"Value":"GetSquareExistTests"},{"Key":{"Id":"MSTestDiscoverer.TestClassName","Label":"ClassName","Category":"","Description":"","Attributes":1,"ValueType":"System.String"},"Value":"FiguresLibUnitTests.GeronTests"},{"Key":{"Id":"TestCase.Hierarchy","Label":"Hierarchy","Category":"","Description":"","Attributes":2,"ValueType":"System.String[]"},"Value":["FiguresLibUnitTests","GeronTests"]},{"Key":{"Id":"TestObject.Traits","Label":"Traits","Category":"","Description":"","Attributes":5,"ValueType":"System.Collections.Generic.KeyValuePair`2[[System.String],[System.String]][]"},"Value":[]}]},"Attachments":[],"Outcome":1,"ErrorMessage":null,"ErrorStackTrace":null,"DisplayName":"GetSquareExistTests","Messages":[],"ComputerName":null,"Duration":"00:00:00.0009653","StartTime":"2022-07-25T22:41:16.3739103+05:00","EndTime":"2022-07-25T22:41:16.3753216+05:00","Properties":[{"Key":{"Id":"ExecutionId","Label":"ExecutionId","Category":"","Description":"","Attributes":1,"ValueType":"System.Guid"},"Value":"00000000-0000-0000-0000-000000000000"},{"Key":{"Id":"ParentExecId","Label":"ParentExecId","Category":"","Description":"","Attributes":1,"ValueType":"System.Guid"},"Value":"00000000-0000-0000-0000-000000000000"},{"Key":{"Id":"InnerResultsCount","Label":"InnerResultsCount","Category":"","Description":"","Attributes":1,"ValueType":"System.Int32"},"Value":0}]},{"TestCase":{"Id":"bbf4729c-8167-795c-8e4f-40fc6fad915d","FullyQualifiedName":"FiguresLibUnitTests.GeronTests.GetSquareDoesNotExistTests","DisplayName":"GetSquareDoesNotExistTests","ExecutorUri":"executor://MSTestAdapter/v2","Source":"C:\\Users\\Артур\\source\\repos\\FigureSquares\\FiguresLibUnitTests\\bin\\Debug\\fine-code-coverage-netcoreapp3.1\\FiguresLibUnitTests.dll","CodeFilePath":null,"LineNumber":-1,"Properties":[{"Key":{"Id":"TestCase.ManagedType","Label":"ManagedType","Category":"","Description":"","Attributes":1,"ValueType":"System.String"},"Value":"FiguresLibUnitTests.GeronTests"},{"Key":{"Id":"TestCase.ManagedMethod","Label":"ManagedMethod","Category":"","Description":"","Attributes":1,"ValueType":"System.String"},"Value":"GetSquareDoesNotExistTests"},{"Key":{"Id":"MSTestDiscoverer.TestClassName","Label":"ClassName","Category":"","Description":"","Attributes":1,"ValueType":"System.String"},"Value":"FiguresLibUnitTests.GeronTests"},{"Key":{"Id":"TestCase.Hierarchy","Label":"Hierarchy","Category":"","Description":"","Attributes":2,"ValueType":"System.String[]"},"Value":["FiguresLibUnitTests","GeronTests"]},{"Key":{"Id":"TestObject.Traits","Label":"Traits","Category":"","Description":"","Attributes":5,"ValueType":"System.Collections.Generic.KeyValuePair`2[[System.String],[System.String]][]"},"Value":[]}]},"Attachments":[],"Outcome":1,"ErrorMessage":null,"ErrorStackTrace":null,"DisplayName":"GetSquareDoesNotExistTests","Messages":[{"Category":"StdOutMsgs","Text":"\nThe triangle doesn't exist\n\r\n"}],"ComputerName":null,"Duration":"00:00:00.0002062","StartTime":"2022-07-25T22:41:16.3781864+05:00","EndTime":"2022-07-25T22:41:16.3787637+05:00","Properties":[{"Key":{"Id":"ExecutionId","Label":"ExecutionId","Category":"","Description":"","Attributes":1,"ValueType":"System.Guid"},"Value":"00000000-0000-0000-0000-000000000000"},{"Key":{"Id":"ParentExecId","Label":"ParentExecId","Category":"","Description":"","Attributes":1,"ValueType":"System.Guid"},"Value":"00000000-0000-0000-0000-000000000000"},{"Key":{"Id":"InnerResultsCount","Label":"InnerResultsCount","Category":"","Description":"","Attributes":1,"ValueType":"System.Int32"},"Value":0}]}],"TestRunStatistics":{"ExecutedTests":9,"Stats":{"Passed":9}},"ActiveTests":[]},"RunAttachments":[],"ExecutorUris":["executor://mstestadapter/v2"]}}
TpTrace Verbose: 0 : 14236, 14, 2022/07/25, 22:41:16.431, 3824029078250, vstest.console.dll, TestRequestSender.EndSession: Sending end session.
TpTrace Verbose: 0 : 14236, 14, 2022/07/25, 22:41:16.431, 3824029080860, vstest.console.dll, ProxyOperationManager.Close: waiting for test host to exit for 100 ms
TpTrace Warning: 0 : 14236, 13, 2022/07/25, 22:41:16.451, 3824029282666, vstest.console.dll, TestHostManagerCallbacks.ErrorReceivedCallback Test host standard error line: 
TpTrace Verbose: 0 : 14236, 8, 2022/07/25, 22:41:16.456, 3824029334271, vstest.console.dll, TestHostProvider.ExitCallBack: Host exited starting callback.
TpTrace Information: 0 : 14236, 8, 2022/07/25, 22:41:16.457, 3824029338916, vstest.console.dll, TestHostManagerCallbacks.ExitCallBack: Testhost processId: 14880 exited with exitcode: 0 error: ''
TpTrace Verbose: 0 : 14236, 8, 2022/07/25, 22:41:16.457, 3824029339444, vstest.console.dll, DotnetTestHostManager.OnHostExited: invoking OnHostExited callback
TpTrace Verbose: 0 : 14236, 8, 2022/07/25, 22:41:16.457, 3824029339972, vstest.console.dll, CrossPlatEngine.TestHostManagerHostExited: calling on client process exit callback.
TpTrace Information: 0 : 14236, 8, 2022/07/25, 22:41:16.457, 3824029340589, vstest.console.dll, TestRequestSender.OnClientProcessExit: Test host process exited. Standard error: 
TpTrace Warning: 0 : 14236, 14, 2022/07/25, 22:41:16.457, 3824029340850, vstest.console.dll, ProxyOperationManager: Timed out waiting for test host to exit. Will terminate process.
TpTrace Information: 0 : 14236, 8, 2022/07/25, 22:41:16.457, 3824029341034, vstest.console.dll, SocketServer.Stop: Stop server endPoint: 127.0.0.1:63872
TpTrace Information: 0 : 14236, 8, 2022/07/25, 22:41:16.457, 3824029342506, vstest.console.dll, SocketServer.Stop: Cancellation requested. Stopping message loop.
TpTrace Verbose: 0 : 14236, 14, 2022/07/25, 22:41:16.459, 3824029358269, vstest.console.dll, ProxyDataCollectionManager.InvokeDataCollectionServiceAction: Starting.
TpTrace Information: 0 : 14236, 14, 2022/07/25, 22:41:16.459, 3824029358982, vstest.console.dll, ProxyDataCollectionManager.AfterTestRunEnd: Get attachment set for datacollector processId: 1072 port: 63868
TpTrace Verbose: 0 : 14236, 14, 2022/07/25, 22:41:16.459, 3824029359767, vstest.console.dll, DataCollectionRequestSender.SendAfterTestRunStartAndGetResult : Send AfterTestRunEnd message with isCancelled: False
TpTrace Verbose: 0 : 14236, 14, 2022/07/25, 22:41:16.463, 3824029398319, vstest.console.dll, DataCollectionRequestSender.SendAfterTestRunStartAndGetResult : Received message: (DataCollection.AfterTestRunEndResult) -> {
  "AttachmentSets": [],
  "Metrics": {}
}
TpTrace Information: 0 : 14236, 14, 2022/07/25, 22:41:16.466, 3824029429095, vstest.console.dll, ProxyDataCollectionManager.InvokeDataCollectionServiceAction: Completed.
TpTrace Warning: 0 : 14236, 10, 2022/07/25, 22:41:16.468, 3824029451254, vstest.console.dll, DataCollectionLauncher.ErrorReceivedCallback datacollector standard error line: 
TpTrace Information: 0 : 14236, 8, 2022/07/25, 22:41:16.473, 3824029496553, vstest.console.dll, DataCollectionLauncher.ExitCallBack: Data collector exited with exitcode: 0 error: ''
TpTrace Verbose: 0 : 14236, 14, 2022/07/25, 22:41:16.546, 3824030231109, vstest.console.dll, TestRunRequest:SendTestRunStatsChange: Starting.
TpTrace Information: 0 : 14236, 14, 2022/07/25, 22:41:16.546, 3824030233780, vstest.console.dll, TestRunRequest:SendTestRunStatsChange: Completed.
TpTrace Verbose: 0 : 14236, 14, 2022/07/25, 22:41:16.547, 3824030235706, vstest.console.dll, ParallelProxyExecutionManager: HandlePartialRunComplete: Total completed clients = 1, Run complete = True, Run canceled: False.
TpTrace Verbose: 0 : 14236, 14, 2022/07/25, 22:41:16.575, 3824030523697, vstest.console.dll, TestRunRequest:TestRunComplete: Starting. IsAborted:False IsCanceled:False.
TpTrace Verbose: 0 : 14236, 14, 2022/07/25, 22:41:16.576, 3824030525687, vstest.console.dll, TestLoggerManager.HandleTestRunComplete: Ignoring as the object is disposed.
TpTrace Information: 0 : 14236, 14, 2022/07/25, 22:41:16.576, 3824030527965, vstest.console.dll, TestRunRequest:TestRunComplete: Completed.
TpTrace Verbose: 0 : 14236, 1, 2022/07/25, 22:41:16.576, 3824030528069, vstest.console.dll, TestRunRequest.Dispose: Starting.
TpTrace Verbose: 0 : 14236, 14, 2022/07/25, 22:41:16.576, 3824030528552, vstest.console.dll, TestRequestSender.SetOperationComplete: Setting operation complete.
TpTrace Information: 0 : 14236, 1, 2022/07/25, 22:41:16.576, 3824030529125, vstest.console.dll, TestRunRequest.Dispose: Completed.
TpTrace Information: 0 : 14236, 14, 2022/07/25, 22:41:16.576, 3824030529455, vstest.console.dll, SocketServer.Stop: Stop server endPoint: 127.0.0.1:63872
TpTrace Information: 0 : 14236, 1, 2022/07/25, 22:41:16.576, 3824030529919, vstest.console.dll, TestRequestManager.RunTests: run tests completed.
TpTrace Information: 0 : 14236, 14, 2022/07/25, 22:41:16.576, 3824030530350, vstest.console.dll, SocketServer.Stop: Cancellation requested. Stopping message loop.
TpTrace Information: 0 : 14236, 1, 2022/07/25, 22:41:16.576, 3824030530773, vstest.console.dll, RunTestsArgumentProcessor:Execute: Test run is completed.
TpTrace Information: 0 : 14236, 14, 2022/07/25, 22:41:16.576, 3824030530794, vstest.console.dll, SocketServer.PrivateStop: Stop server endPoint: 127.0.0.1:63872 error: 
TpTrace Verbose: 0 : 14236, 1, 2022/07/25, 22:41:16.576, 3824030532457, vstest.console.dll, Executor.Execute: Exiting with exit code of 0
TpTrace Verbose: 0 : 14236, 14, 2022/07/25, 22:41:16.577, 3824030535573, vstest.console.dll, LengthPrefixCommunicationChannel.Dispose: Dispose reader and writer.
TpTrace Information: 0 : 14236, 14, 2022/07/25, 22:41:16.577, 3824030536349, vstest.console.dll, SocketServer.Stop: Raise disconnected event endPoint: 127.0.0.1:63872 error: 
